SF:C:\Users\n1mz\Desktop\oxide-sloc\crates\sloc-cli\src\main.rs
FN:847,_RNCNCNvCsbS2ZXzFn8IP_10oxide_sloc11run_analyze00B5_
FN:2451,_RNCNCNvCsbS2ZXzFn8IP_10oxide_sloc12run_git_scan00B5_
FN:1439,_RNCNCNvCsbS2ZXzFn8IP_10oxide_sloc12send_webhook00B5_
FN:2248,_RNCNCNvCsbS2ZXzFn8IP_10oxide_sloc14run_pr_comment00B5_
FN:2252,_RNCNCNvCsbS2ZXzFn8IP_10oxide_sloc14run_pr_comment0s_0B5_
FN:2190,_RNCNCNvCsbS2ZXzFn8IP_10oxide_sloc15send_confluence00B5_
FN:2195,_RNCNCNvCsbS2ZXzFn8IP_10oxide_sloc15send_confluence0s0_0B5_
FN:2192,_RNCNCNvCsbS2ZXzFn8IP_10oxide_sloc15send_confluence0s_0B5_
FN:1483,_RNCNCNvCsbS2ZXzFn8IP_10oxide_sloc15send_teams_card00B5_
FN:1558,_RNCNCNvCsbS2ZXzFn8IP_10oxide_sloc15send_teams_card0s_0B5_
FN:2377,_RNCNCNvCsbS2ZXzFn8IP_10oxide_sloc19post_github_comment00B5_
FN:2397,_RNCNCNvCsbS2ZXzFn8IP_10oxide_sloc19post_gitlab_comment00B5_
FN:2421,_RNCNCNvCsbS2ZXzFn8IP_10oxide_sloc19post_gitlab_comment0s_0B5_
FN:825,_RNCNCNvCsbS2ZXzFn8IP_10oxide_sloc21apply_complexity_gate00B5_
FN:2045,_RNCNCNvCsbS2ZXzFn8IP_10oxide_sloc23confluence_upsert_cloud00B5_
FN:2064,_RNCNCNvCsbS2ZXzFn8IP_10oxide_sloc23confluence_upsert_cloud0s_0B5_
FN:2136,_RNCNCNvCsbS2ZXzFn8IP_10oxide_sloc24confluence_upsert_server00B5_
FN:609,_RNCNCNvCsbS2ZXzFn8IP_10oxide_sloc4main00B5_
FN:1011,_RNCNCNvCsbS2ZXzFn8IP_10oxide_sloc9run_serve00B5_
FN:1030,_RNCNCNvCsbS2ZXzFn8IP_10oxide_sloc9run_serve0s_0B5_
FN:1293,_RNCNCNvCsbS2ZXzFn8IP_10oxide_sloc9send_smtp00B5_
FN:1311,_RNCNCNvCsbS2ZXzFn8IP_10oxide_sloc9send_smtp0s0_0B5_
FN:1315,_RNCNCNvCsbS2ZXzFn8IP_10oxide_sloc9send_smtp0s1_0B5_
FN:1338,_RNCNCNvCsbS2ZXzFn8IP_10oxide_sloc9send_smtp0s2_0B5_
FN:1351,_RNCNCNvCsbS2ZXzFn8IP_10oxide_sloc9send_smtp0s3_0B5_
FN:1299,_RNCNCNvCsbS2ZXzFn8IP_10oxide_sloc9send_smtp0s_0B5_
FN:844,_RNCNvCsbS2ZXzFn8IP_10oxide_sloc11run_analyze0B3_
FN:2433,_RNCNvCsbS2ZXzFn8IP_10oxide_sloc12run_git_scan0B3_
FN:1161,_RNCNvCsbS2ZXzFn8IP_10oxide_sloc12run_validate0B3_
FN:1171,_RNCNvCsbS2ZXzFn8IP_10oxide_sloc12run_validates_0B3_
FN:1426,_RNCNvCsbS2ZXzFn8IP_10oxide_sloc12send_webhook0B3_
FN:34,_RNCNvCsbS2ZXzFn8IP_10oxide_sloc13color_enabled0B3_
FN:2640,_RNCNvCsbS2ZXzFn8IP_10oxide_sloc14git_clone_path0B3_
FN:2246,_RNCNvCsbS2ZXzFn8IP_10oxide_sloc14run_pr_comment0B3_
FN:2186,_RNCNvCsbS2ZXzFn8IP_10oxide_sloc15send_confluence0B3_
FN:1472,_RNCNvCsbS2ZXzFn8IP_10oxide_sloc15send_teams_card0B3_
FN:1571,_RNCNvCsbS2ZXzFn8IP_10oxide_sloc16load_base_config0B3_
FN:701,_RNCNvCsbS2ZXzFn8IP_10oxide_sloc17write_scan_config0B3_
FN:706,_RNCNvCsbS2ZXzFn8IP_10oxide_sloc17write_scan_configs0_0B3_
FN:707,_RNCNvCsbS2ZXzFn8IP_10oxide_sloc17write_scan_configs1_0B3_
FN:732,_RNCNvCsbS2ZXzFn8IP_10oxide_sloc17write_scan_configs2_0B3_
FN:726,_RNCNvCsbS2ZXzFn8IP_10oxide_sloc17write_scan_configs3_0B3_
FN:702,_RNCNvCsbS2ZXzFn8IP_10oxide_sloc17write_scan_configs_0B3_
FN:1951,_RNCNvCsbS2ZXzFn8IP_10oxide_sloc18print_diff_summary0B3_
FN:2633,_RNCNvCsbS2ZXzFn8IP_10oxide_sloc18resolve_clones_dir0B3_
FN:2634,_RNCNvCsbS2ZXzFn8IP_10oxide_sloc18resolve_clones_dirs_0B3_
FN:1152,_RNCNvCsbS2ZXzFn8IP_10oxide_sloc18validate_glob_list0B3_
FN:1153,_RNCNvCsbS2ZXzFn8IP_10oxide_sloc18validate_glob_lists_0B3_
FN:1144,_RNCNvCsbS2ZXzFn8IP_10oxide_sloc18validate_path_list0B3_
FN:1145,_RNCNvCsbS2ZXzFn8IP_10oxide_sloc18validate_path_lists_0B3_
FN:2353,_RNCNvCsbS2ZXzFn8IP_10oxide_sloc19post_github_comment0B3_
FN:2387,_RNCNvCsbS2ZXzFn8IP_10oxide_sloc19post_gitlab_comment0B3_
FN:1850,_RNCNvCsbS2ZXzFn8IP_10oxide_sloc19print_style_summary0B3_
FN:1740,_RNCNvCsbS2ZXzFn8IP_10oxide_sloc19print_totals_header0B3_
FN:1814,_RNCNvCsbS2ZXzFn8IP_10oxide_sloc20print_per_file_table0B3_
FN:1820,_RNCNvCsbS2ZXzFn8IP_10oxide_sloc20print_per_file_tables0_0B3_
FN:1820,_RNCNvCsbS2ZXzFn8IP_10oxide_sloc20print_per_file_tables_0B3_
FN:1389,_RNCNvCsbS2ZXzFn8IP_10oxide_sloc20validate_webhook_url0B3_
FN:1406,_RNCNvCsbS2ZXzFn8IP_10oxide_sloc20validate_webhook_urls_0B3_
FN:825,_RNCNvCsbS2ZXzFn8IP_10oxide_sloc21apply_complexity_gate0B3_
FN:2304,_RNCNvCsbS2ZXzFn8IP_10oxide_sloc21build_pr_comment_body0B3_
FN:740,_RNCNvCsbS2ZXzFn8IP_10oxide_sloc22write_sub_html_reports0B3_
FN:749,_RNCNvCsbS2ZXzFn8IP_10oxide_sloc22write_sub_html_reportss0_0B3_
FN:746,_RNCNvCsbS2ZXzFn8IP_10oxide_sloc22write_sub_html_reportss_0B3_
FN:2029,_RNCNvCsbS2ZXzFn8IP_10oxide_sloc23confluence_upsert_cloud0B3_
FN:2119,_RNCNvCsbS2ZXzFn8IP_10oxide_sloc24confluence_upsert_server0B3_
FN:605,_RNCNvCsbS2ZXzFn8IP_10oxide_sloc4main0B3_
FN:975,_RNCNvCsbS2ZXzFn8IP_10oxide_sloc8run_diff0B3_
FN:989,_RNCNvCsbS2ZXzFn8IP_10oxide_sloc8run_diffs0_0B3_
FN:977,_RNCNvCsbS2ZXzFn8IP_10oxide_sloc8run_diffs_0B3_
FN:1128,_RNCNvCsbS2ZXzFn8IP_10oxide_sloc8run_init0B3_
FN:1133,_RNCNvCsbS2ZXzFn8IP_10oxide_sloc8run_inits_0B3_
FN:1240,_RNCNvCsbS2ZXzFn8IP_10oxide_sloc8run_send0B3_
FN:1008,_RNCNvCsbS2ZXzFn8IP_10oxide_sloc9run_serve0B3_
FN:2554,_RNCNvCsbS2ZXzFn8IP_10oxide_sloc9run_watch0B3_
FN:1292,_RNCNvCsbS2ZXzFn8IP_10oxide_sloc9send_smtp0B3_
FN:934,_RNvCsbS2ZXzFn8IP_10oxide_sloc10run_report
FN:647,_RNvCsbS2ZXzFn8IP_10oxide_sloc11log_written
FN:844,_RNvCsbS2ZXzFn8IP_10oxide_sloc11run_analyze
FN:2522,_RNvCsbS2ZXzFn8IP_10oxide_sloc11scan_at_ref
FN:2652,_RNvCsbS2ZXzFn8IP_10oxide_sloc11uuid_simple
FN:790,_RNvCsbS2ZXzFn8IP_10oxide_sloc12check_budget
FN:2433,_RNvCsbS2ZXzFn8IP_10oxide_sloc12run_git_scan
FN:1157,_RNvCsbS2ZXzFn8IP_10oxide_sloc12run_validate
FN:1421,_RNvCsbS2ZXzFn8IP_10oxide_sloc12send_webhook
FN:31,_RNvCsbS2ZXzFn8IP_10oxide_sloc13color_enabled
FN:1449,_RNvCsbS2ZXzFn8IP_10oxide_sloc13fmt_thousands
FN:1369,_RNvCsbS2ZXzFn8IP_10oxide_sloc13is_ip_blocked
FN:1880,_RNvCsbS2ZXzFn8IP_10oxide_sloc13print_summary
FN:654,_RNvCsbS2ZXzFn8IP_10oxide_sloc13write_outputs
FN:2637,_RNvCsbS2ZXzFn8IP_10oxide_sloc14git_clone_path
FN:2227,_RNvCsbS2ZXzFn8IP_10oxide_sloc14percent_encode
FN:2246,_RNvCsbS2ZXzFn8IP_10oxide_sloc14run_pr_comment
FN:2593,_RNvCsbS2ZXzFn8IP_10oxide_sloc14run_watch_scan
FN:2500,_RNvCsbS2ZXzFn8IP_10oxide_sloc15run_git_compare
FN:2186,_RNvCsbS2ZXzFn8IP_10oxide_sloc15send_confluence
FN:1467,_RNvCsbS2ZXzFn8IP_10oxide_sloc15send_teams_card
FN:2004,_RNvCsbS2ZXzFn8IP_10oxide_sloc15write_diff_xlsx
FN:1570,_RNvCsbS2ZXzFn8IP_10oxide_sloc16load_base_config
FN:698,_RNvCsbS2ZXzFn8IP_10oxide_sloc17write_scan_config
FN:1913,_RNvCsbS2ZXzFn8IP_10oxide_sloc18print_diff_summary
FN:2630,_RNvCsbS2ZXzFn8IP_10oxide_sloc18resolve_clones_dir
FN:1149,_RNvCsbS2ZXzFn8IP_10oxide_sloc18validate_glob_list
FN:1141,_RNvCsbS2ZXzFn8IP_10oxide_sloc18validate_path_list
FN:2618,_RNvCsbS2ZXzFn8IP_10oxide_sloc18write_watch_output
FN:2353,_RNvCsbS2ZXzFn8IP_10oxide_sloc19post_github_comment
FN:2387,_RNvCsbS2ZXzFn8IP_10oxide_sloc19post_gitlab_comment
FN:1650,_RNvCsbS2ZXzFn8IP_10oxide_sloc19print_plain_summary
FN:1828,_RNvCsbS2ZXzFn8IP_10oxide_sloc19print_style_summary
FN:1688,_RNvCsbS2ZXzFn8IP_10oxide_sloc19print_totals_header
FN:1776,_RNvCsbS2ZXzFn8IP_10oxide_sloc20print_language_table
FN:1804,_RNvCsbS2ZXzFn8IP_10oxide_sloc20print_per_file_table
FN:1388,_RNvCsbS2ZXzFn8IP_10oxide_sloc20validate_webhook_url
FN:821,_RNvCsbS2ZXzFn8IP_10oxide_sloc21apply_complexity_gate
FN:2010,_RNvCsbS2ZXzFn8IP_10oxide_sloc21build_confluence_auth
FN:2468,_RNvCsbS2ZXzFn8IP_10oxide_sloc21build_git_scan_config
FN:2273,_RNvCsbS2ZXzFn8IP_10oxide_sloc21build_pr_comment_body
FN:756,_RNvCsbS2ZXzFn8IP_10oxide_sloc21check_exit_conditions
FN:1862,_RNvCsbS2ZXzFn8IP_10oxide_sloc21print_submodule_table
FN:2534,_RNvCsbS2ZXzFn8IP_10oxide_sloc21write_compare_outputs
FN:1574,_RNvCsbS2ZXzFn8IP_10oxide_sloc22resolve_analyze_config
FN:2474,_RNvCsbS2ZXzFn8IP_10oxide_sloc22write_git_scan_outputs
FN:735,_RNvCsbS2ZXzFn8IP_10oxide_sloc22write_sub_html_reports
FN:1618,_RNvCsbS2ZXzFn8IP_10oxide_sloc23apply_analysis_cli_args
FN:2021,_RNvCsbS2ZXzFn8IP_10oxide_sloc23confluence_upsert_cloud
FN:1591,_RNvCsbS2ZXzFn8IP_10oxide_sloc24apply_discovery_cli_args
FN:2111,_RNvCsbS2ZXzFn8IP_10oxide_sloc24confluence_upsert_server
FN:605,_RNvCsbS2ZXzFn8IP_10oxide_sloc4main
FN:973,_RNvCsbS2ZXzFn8IP_10oxide_sloc8run_diff
FN:1042,_RNvCsbS2ZXzFn8IP_10oxide_sloc8run_init
FN:1240,_RNvCsbS2ZXzFn8IP_10oxide_sloc8run_send
FN:1977,_RNvCsbS2ZXzFn8IP_10oxide_sloc8truncate
FN:1905,_RNvCsbS2ZXzFn8IP_10oxide_sloc9fmt_delta
FN:1985,_RNvCsbS2ZXzFn8IP_10oxide_sloc9open_path
FN:1008,_RNvCsbS2ZXzFn8IP_10oxide_sloc9run_serve
FN:2554,_RNvCsbS2ZXzFn8IP_10oxide_sloc9run_watch
FN:1292,_RNvCsbS2ZXzFn8IP_10oxide_sloc9send_smtp
FNDA:0,_RNCNCNvCsbS2ZXzFn8IP_10oxide_sloc11run_analyze00B5_
FNDA:0,_RNCNCNvCsbS2ZXzFn8IP_10oxide_sloc12run_git_scan00B5_
FNDA:0,_RNCNCNvCsbS2ZXzFn8IP_10oxide_sloc12send_webhook00B5_
FNDA:0,_RNCNCNvCsbS2ZXzFn8IP_10oxide_sloc14run_pr_comment00B5_
FNDA:0,_RNCNCNvCsbS2ZXzFn8IP_10oxide_sloc14run_pr_comment0s_0B5_
FNDA:0,_RNCNCNvCsbS2ZXzFn8IP_10oxide_sloc15send_confluence00B5_
FNDA:0,_RNCNCNvCsbS2ZXzFn8IP_10oxide_sloc15send_confluence0s0_0B5_
FNDA:0,_RNCNCNvCsbS2ZXzFn8IP_10oxide_sloc15send_confluence0s_0B5_
FNDA:0,_RNCNCNvCsbS2ZXzFn8IP_10oxide_sloc15send_teams_card00B5_
FNDA:0,_RNCNCNvCsbS2ZXzFn8IP_10oxide_sloc15send_teams_card0s_0B5_
FNDA:0,_RNCNCNvCsbS2ZXzFn8IP_10oxide_sloc19post_github_comment00B5_
FNDA:0,_RNCNCNvCsbS2ZXzFn8IP_10oxide_sloc19post_gitlab_comment00B5_
FNDA:0,_RNCNCNvCsbS2ZXzFn8IP_10oxide_sloc19post_gitlab_comment0s_0B5_
FNDA:0,_RNCNCNvCsbS2ZXzFn8IP_10oxide_sloc21apply_complexity_gate00B5_
FNDA:0,_RNCNCNvCsbS2ZXzFn8IP_10oxide_sloc23confluence_upsert_cloud00B5_
FNDA:0,_RNCNCNvCsbS2ZXzFn8IP_10oxide_sloc23confluence_upsert_cloud0s_0B5_
FNDA:0,_RNCNCNvCsbS2ZXzFn8IP_10oxide_sloc24confluence_upsert_server00B5_
FNDA:0,_RNCNCNvCsbS2ZXzFn8IP_10oxide_sloc4main00B5_
FNDA:0,_RNCNCNvCsbS2ZXzFn8IP_10oxide_sloc9run_serve00B5_
FNDA:0,_RNCNCNvCsbS2ZXzFn8IP_10oxide_sloc9run_serve0s_0B5_
FNDA:0,_RNCNCNvCsbS2ZXzFn8IP_10oxide_sloc9send_smtp00B5_
FNDA:0,_RNCNCNvCsbS2ZXzFn8IP_10oxide_sloc9send_smtp0s0_0B5_
FNDA:0,_RNCNCNvCsbS2ZXzFn8IP_10oxide_sloc9send_smtp0s1_0B5_
FNDA:0,_RNCNCNvCsbS2ZXzFn8IP_10oxide_sloc9send_smtp0s2_0B5_
FNDA:0,_RNCNCNvCsbS2ZXzFn8IP_10oxide_sloc9send_smtp0s3_0B5_
FNDA:0,_RNCNCNvCsbS2ZXzFn8IP_10oxide_sloc9send_smtp0s_0B5_
FNDA:0,_RNCNvCsbS2ZXzFn8IP_10oxide_sloc11run_analyze0B3_
FNDA:0,_RNCNvCsbS2ZXzFn8IP_10oxide_sloc12run_git_scan0B3_
FNDA:0,_RNCNvCsbS2ZXzFn8IP_10oxide_sloc12run_validate0B3_
FNDA:0,_RNCNvCsbS2ZXzFn8IP_10oxide_sloc12run_validates_0B3_
FNDA:0,_RNCNvCsbS2ZXzFn8IP_10oxide_sloc12send_webhook0B3_
FNDA:0,_RNCNvCsbS2ZXzFn8IP_10oxide_sloc13color_enabled0B3_
FNDA:0,_RNCNvCsbS2ZXzFn8IP_10oxide_sloc14git_clone_path0B3_
FNDA:0,_RNCNvCsbS2ZXzFn8IP_10oxide_sloc14run_pr_comment0B3_
FNDA:0,_RNCNvCsbS2ZXzFn8IP_10oxide_sloc15send_confluence0B3_
FNDA:0,_RNCNvCsbS2ZXzFn8IP_10oxide_sloc15send_teams_card0B3_
FNDA:0,_RNCNvCsbS2ZXzFn8IP_10oxide_sloc16load_base_config0B3_
FNDA:0,_RNCNvCsbS2ZXzFn8IP_10oxide_sloc17write_scan_config0B3_
FNDA:0,_RNCNvCsbS2ZXzFn8IP_10oxide_sloc17write_scan_configs0_0B3_
FNDA:0,_RNCNvCsbS2ZXzFn8IP_10oxide_sloc17write_scan_configs1_0B3_
FNDA:0,_RNCNvCsbS2ZXzFn8IP_10oxide_sloc17write_scan_configs2_0B3_
FNDA:0,_RNCNvCsbS2ZXzFn8IP_10oxide_sloc17write_scan_configs3_0B3_
FNDA:0,_RNCNvCsbS2ZXzFn8IP_10oxide_sloc17write_scan_configs_0B3_
FNDA:0,_RNCNvCsbS2ZXzFn8IP_10oxide_sloc18print_diff_summary0B3_
FNDA:0,_RNCNvCsbS2ZXzFn8IP_10oxide_sloc18resolve_clones_dir0B3_
FNDA:0,_RNCNvCsbS2ZXzFn8IP_10oxide_sloc18resolve_clones_dirs_0B3_
FNDA:0,_RNCNvCsbS2ZXzFn8IP_10oxide_sloc18validate_glob_list0B3_
FNDA:0,_RNCNvCsbS2ZXzFn8IP_10oxide_sloc18validate_glob_lists_0B3_
FNDA:0,_RNCNvCsbS2ZXzFn8IP_10oxide_sloc18validate_path_list0B3_
FNDA:0,_RNCNvCsbS2ZXzFn8IP_10oxide_sloc18validate_path_lists_0B3_
FNDA:0,_RNCNvCsbS2ZXzFn8IP_10oxide_sloc19post_github_comment0B3_
FNDA:0,_RNCNvCsbS2ZXzFn8IP_10oxide_sloc19post_gitlab_comment0B3_
FNDA:0,_RNCNvCsbS2ZXzFn8IP_10oxide_sloc19print_style_summary0B3_
FNDA:0,_RNCNvCsbS2ZXzFn8IP_10oxide_sloc19print_totals_header0B3_
FNDA:0,_RNCNvCsbS2ZXzFn8IP_10oxide_sloc20print_per_file_table0B3_
FNDA:0,_RNCNvCsbS2ZXzFn8IP_10oxide_sloc20print_per_file_tables0_0B3_
FNDA:0,_RNCNvCsbS2ZXzFn8IP_10oxide_sloc20print_per_file_tables_0B3_
FNDA:0,_RNCNvCsbS2ZXzFn8IP_10oxide_sloc20validate_webhook_url0B3_
FNDA:0,_RNCNvCsbS2ZXzFn8IP_10oxide_sloc20validate_webhook_urls_0B3_
FNDA:0,_RNCNvCsbS2ZXzFn8IP_10oxide_sloc21apply_complexity_gate0B3_
FNDA:0,_RNCNvCsbS2ZXzFn8IP_10oxide_sloc21build_pr_comment_body0B3_
FNDA:0,_RNCNvCsbS2ZXzFn8IP_10oxide_sloc22write_sub_html_reports0B3_
FNDA:0,_RNCNvCsbS2ZXzFn8IP_10oxide_sloc22write_sub_html_reportss0_0B3_
FNDA:0,_RNCNvCsbS2ZXzFn8IP_10oxide_sloc22write_sub_html_reportss_0B3_
FNDA:0,_RNCNvCsbS2ZXzFn8IP_10oxide_sloc23confluence_upsert_cloud0B3_
FNDA:0,_RNCNvCsbS2ZXzFn8IP_10oxide_sloc24confluence_upsert_server0B3_
FNDA:0,_RNCNvCsbS2ZXzFn8IP_10oxide_sloc4main0B3_
FNDA:0,_RNCNvCsbS2ZXzFn8IP_10oxide_sloc8run_diff0B3_
FNDA:0,_RNCNvCsbS2ZXzFn8IP_10oxide_sloc8run_diffs0_0B3_
FNDA:0,_RNCNvCsbS2ZXzFn8IP_10oxide_sloc8run_diffs_0B3_
FNDA:0,_RNCNvCsbS2ZXzFn8IP_10oxide_sloc8run_init0B3_
FNDA:0,_RNCNvCsbS2ZXzFn8IP_10oxide_sloc8run_inits_0B3_
FNDA:0,_RNCNvCsbS2ZXzFn8IP_10oxide_sloc8run_send0B3_
FNDA:0,_RNCNvCsbS2ZXzFn8IP_10oxide_sloc9run_serve0B3_
FNDA:0,_RNCNvCsbS2ZXzFn8IP_10oxide_sloc9run_watch0B3_
FNDA:0,_RNCNvCsbS2ZXzFn8IP_10oxide_sloc9send_smtp0B3_
FNDA:0,_RNvCsbS2ZXzFn8IP_10oxide_sloc10run_report
FNDA:0,_RNvCsbS2ZXzFn8IP_10oxide_sloc11log_written
FNDA:0,_RNvCsbS2ZXzFn8IP_10oxide_sloc11run_analyze
FNDA:0,_RNvCsbS2ZXzFn8IP_10oxide_sloc11scan_at_ref
FNDA:0,_RNvCsbS2ZXzFn8IP_10oxide_sloc11uuid_simple
FNDA:0,_RNvCsbS2ZXzFn8IP_10oxide_sloc12check_budget
FNDA:0,_RNvCsbS2ZXzFn8IP_10oxide_sloc12run_git_scan
FNDA:0,_RNvCsbS2ZXzFn8IP_10oxide_sloc12run_validate
FNDA:0,_RNvCsbS2ZXzFn8IP_10oxide_sloc12send_webhook
FNDA:0,_RNvCsbS2ZXzFn8IP_10oxide_sloc13color_enabled
FNDA:0,_RNvCsbS2ZXzFn8IP_10oxide_sloc13fmt_thousands
FNDA:0,_RNvCsbS2ZXzFn8IP_10oxide_sloc13is_ip_blocked
FNDA:0,_RNvCsbS2ZXzFn8IP_10oxide_sloc13print_summary
FNDA:0,_RNvCsbS2ZXzFn8IP_10oxide_sloc13write_outputs
FNDA:0,_RNvCsbS2ZXzFn8IP_10oxide_sloc14git_clone_path
FNDA:0,_RNvCsbS2ZXzFn8IP_10oxide_sloc14percent_encode
FNDA:0,_RNvCsbS2ZXzFn8IP_10oxide_sloc14run_pr_comment
FNDA:0,_RNvCsbS2ZXzFn8IP_10oxide_sloc14run_watch_scan
FNDA:0,_RNvCsbS2ZXzFn8IP_10oxide_sloc15run_git_compare
FNDA:0,_RNvCsbS2ZXzFn8IP_10oxide_sloc15send_confluence
FNDA:0,_RNvCsbS2ZXzFn8IP_10oxide_sloc15send_teams_card
FNDA:0,_RNvCsbS2ZXzFn8IP_10oxide_sloc15write_diff_xlsx
FNDA:0,_RNvCsbS2ZXzFn8IP_10oxide_sloc16load_base_config
FNDA:0,_RNvCsbS2ZXzFn8IP_10oxide_sloc17write_scan_config
FNDA:0,_RNvCsbS2ZXzFn8IP_10oxide_sloc18print_diff_summary
FNDA:0,_RNvCsbS2ZXzFn8IP_10oxide_sloc18resolve_clones_dir
FNDA:0,_RNvCsbS2ZXzFn8IP_10oxide_sloc18validate_glob_list
FNDA:0,_RNvCsbS2ZXzFn8IP_10oxide_sloc18validate_path_list
FNDA:0,_RNvCsbS2ZXzFn8IP_10oxide_sloc18write_watch_output
FNDA:0,_RNvCsbS2ZXzFn8IP_10oxide_sloc19post_github_comment
FNDA:0,_RNvCsbS2ZXzFn8IP_10oxide_sloc19post_gitlab_comment
FNDA:0,_RNvCsbS2ZXzFn8IP_10oxide_sloc19print_plain_summary
FNDA:0,_RNvCsbS2ZXzFn8IP_10oxide_sloc19print_style_summary
FNDA:0,_RNvCsbS2ZXzFn8IP_10oxide_sloc19print_totals_header
FNDA:0,_RNvCsbS2ZXzFn8IP_10oxide_sloc20print_language_table
FNDA:0,_RNvCsbS2ZXzFn8IP_10oxide_sloc20print_per_file_table
FNDA:0,_RNvCsbS2ZXzFn8IP_10oxide_sloc20validate_webhook_url
FNDA:0,_RNvCsbS2ZXzFn8IP_10oxide_sloc21apply_complexity_gate
FNDA:0,_RNvCsbS2ZXzFn8IP_10oxide_sloc21build_confluence_auth
FNDA:0,_RNvCsbS2ZXzFn8IP_10oxide_sloc21build_git_scan_config
FNDA:0,_RNvCsbS2ZXzFn8IP_10oxide_sloc21build_pr_comment_body
FNDA:0,_RNvCsbS2ZXzFn8IP_10oxide_sloc21check_exit_conditions
FNDA:0,_RNvCsbS2ZXzFn8IP_10oxide_sloc21print_submodule_table
FNDA:0,_RNvCsbS2ZXzFn8IP_10oxide_sloc21write_compare_outputs
FNDA:0,_RNvCsbS2ZXzFn8IP_10oxide_sloc22resolve_analyze_config
FNDA:0,_RNvCsbS2ZXzFn8IP_10oxide_sloc22write_git_scan_outputs
FNDA:0,_RNvCsbS2ZXzFn8IP_10oxide_sloc22write_sub_html_reports
FNDA:0,_RNvCsbS2ZXzFn8IP_10oxide_sloc23apply_analysis_cli_args
FNDA:0,_RNvCsbS2ZXzFn8IP_10oxide_sloc23confluence_upsert_cloud
FNDA:0,_RNvCsbS2ZXzFn8IP_10oxide_sloc24apply_discovery_cli_args
FNDA:0,_RNvCsbS2ZXzFn8IP_10oxide_sloc24confluence_upsert_server
FNDA:0,_RNvCsbS2ZXzFn8IP_10oxide_sloc4main
FNDA:0,_RNvCsbS2ZXzFn8IP_10oxide_sloc8run_diff
FNDA:0,_RNvCsbS2ZXzFn8IP_10oxide_sloc8run_init
FNDA:0,_RNvCsbS2ZXzFn8IP_10oxide_sloc8run_send
FNDA:0,_RNvCsbS2ZXzFn8IP_10oxide_sloc8truncate
FNDA:0,_RNvCsbS2ZXzFn8IP_10oxide_sloc9fmt_delta
FNDA:0,_RNvCsbS2ZXzFn8IP_10oxide_sloc9open_path
FNDA:0,_RNvCsbS2ZXzFn8IP_10oxide_sloc9run_serve
FNDA:0,_RNvCsbS2ZXzFn8IP_10oxide_sloc9run_watch
FNDA:0,_RNvCsbS2ZXzFn8IP_10oxide_sloc9send_smtp
FNF:137
FNH:0
DA:31,0
DA:32,0
DA:33,0
DA:34,0
DA:35,0
DA:605,0
DA:606,0
DA:607,0
DA:608,0
DA:609,0
DA:610,0
DA:611,0
DA:613,0
DA:615,0
DA:617,0
DA:618,0
DA:619,0
DA:620,0
DA:621,0
DA:622,0
DA:623,0
DA:624,0
DA:625,0
DA:626,0
DA:627,0
DA:628,0
DA:629,0
DA:630,0
DA:631,0
DA:632,0
DA:633,0
DA:634,0
DA:635,0
DA:636,0
DA:637,0
DA:638,0
DA:639,0
DA:640,0
DA:641,0
DA:642,0
DA:643,0
DA:647,0
DA:648,0
DA:649,0
DA:650,0
DA:651,0
DA:654,0
DA:655,0
DA:656,0
DA:657,0
DA:658,0
DA:660,0
DA:664,0
DA:665,0
DA:666,0
DA:667,0
DA:668,0
DA:669,0
DA:671,0
DA:672,0
DA:673,0
DA:674,0
DA:676,0
DA:677,0
DA:678,0
DA:679,0
DA:681,0
DA:682,0
DA:683,0
DA:684,0
DA:686,0
DA:687,0
DA:688,0
DA:689,0
DA:691,0
DA:692,0
DA:693,0
DA:695,0
DA:696,0
DA:698,0
DA:699,0
DA:700,0
DA:701,0
DA:702,0
DA:703,0
DA:704,0
DA:705,0
DA:706,0
DA:707,0
DA:709,0
DA:710,0
DA:711,0
DA:712,0
DA:713,0
DA:714,0
DA:715,0
DA:716,0
DA:718,0
DA:720,0
DA:722,0
DA:724,0
DA:725,0
DA:726,0
DA:727,0
DA:728,0
DA:729,0
DA:731,0
DA:732,0
DA:733,0
DA:735,0
DA:736,0
DA:737,0
DA:738,0
DA:739,0
DA:740,0
DA:741,0
DA:742,0
DA:743,0
DA:744,0
DA:745,0
DA:746,0
DA:747,0
DA:748,0
DA:749,0
DA:750,0
DA:752,0
DA:753,0
DA:756,0
DA:757,0
DA:758,0
DA:759,0
DA:760,0
DA:761,0
DA:762,0
DA:763,0
DA:765,0
DA:767,0
DA:768,0
DA:770,0
DA:771,0
DA:772,0
DA:776,0
DA:777,0
DA:778,0
DA:780,0
DA:781,0
DA:782,0
DA:783,0
DA:784,0
DA:785,0
DA:790,0
DA:791,0
DA:793,0
DA:794,0
DA:795,0
DA:796,0
DA:797,0
DA:798,0
DA:799,0
DA:801,0
DA:802,0
DA:803,0
DA:804,0
DA:805,0
DA:806,0
DA:807,0
DA:808,0
DA:809,0
DA:810,0
DA:811,0
DA:812,0
DA:813,0
DA:816,0
DA:817,0
DA:818,0
DA:819,0
DA:821,0
DA:822,0
DA:823,0
DA:824,0
DA:825,0
DA:826,0
DA:827,0
DA:828,0
DA:830,0
DA:833,0
DA:834,0
DA:835,0
DA:836,0
DA:837,0
DA:838,0
DA:839,0
DA:840,0
DA:841,0
DA:842,0
DA:844,0
DA:845,0
DA:846,0
DA:847,0
DA:848,0
DA:849,0
DA:853,0
DA:854,0
DA:855,0
DA:856,0
DA:857,0
DA:859,0
DA:860,0
DA:861,0
DA:863,0
DA:866,0
DA:867,0
DA:868,0
DA:869,0
DA:870,0
DA:871,0
DA:872,0
DA:873,0
DA:874,0
DA:875,0
DA:876,0
DA:877,0
DA:878,0
DA:879,0
DA:880,0
DA:881,0
DA:882,0
DA:883,0
DA:884,0
DA:885,0
DA:886,0
DA:887,0
DA:888,0
DA:889,0
DA:890,0
DA:891,0
DA:892,0
DA:893,0
DA:894,0
DA:895,0
DA:896,0
DA:897,0
DA:898,0
DA:901,0
DA:902,0
DA:903,0
DA:904,0
DA:905,0
DA:909,0
DA:910,0
DA:911,0
DA:914,0
DA:915,0
DA:916,0
DA:917,0
DA:918,0
DA:919,0
DA:920,0
DA:921,0
DA:922,0
DA:923,0
DA:924,0
DA:925,0
DA:926,0
DA:927,0
DA:929,0
DA:930,0
DA:934,0
DA:935,0
DA:937,0
DA:938,0
DA:939,0
DA:940,0
DA:942,0
DA:943,0
DA:945,0
DA:946,0
DA:947,0
DA:948,0
DA:949,0
DA:950,0
DA:951,0
DA:953,0
DA:954,0
DA:955,0
DA:956,0
DA:958,0
DA:959,0
DA:960,0
DA:961,0
DA:963,0
DA:964,0
DA:965,0
DA:966,0
DA:968,0
DA:969,0
DA:973,0
DA:974,0
DA:975,0
DA:976,0
DA:977,0
DA:979,0
DA:981,0
DA:982,0
DA:983,0
DA:985,0
DA:986,0
DA:987,0
DA:988,0
DA:989,0
DA:990,0
DA:991,0
DA:993,0
DA:994,0
DA:995,0
DA:996,0
DA:998,0
DA:999,0
DA:1000,0
DA:1001,0
DA:1003,0
DA:1004,0
DA:1008,0
DA:1009,0
DA:1011,0
DA:1012,0
DA:1013,0
DA:1014,0
DA:1015,0
DA:1016,0
DA:1017,0
DA:1018,0
DA:1019,0
DA:1020,0
DA:1021,0
DA:1022,0
DA:1023,0
DA:1024,0
DA:1025,0
DA:1026,0
DA:1027,0
DA:1028,0
DA:1029,0
DA:1030,0
DA:1031,0
DA:1032,0
DA:1033,0
DA:1034,0
DA:1035,0
DA:1036,0
DA:1037,0
DA:1038,0
DA:1042,0
DA:1043,0
DA:1044,0
DA:1046,0
DA:1048,0
DA:1050,0
DA:1051,0
DA:1052,0
DA:1053,0
DA:1054,0
DA:1055,0
DA:1056,0
DA:1057,0
DA:1058,0
DA:1059,0
DA:1060,0
DA:1061,0
DA:1062,0
DA:1063,0
DA:1064,0
DA:1065,0
DA:1066,0
DA:1067,0
DA:1068,0
DA:1069,0
DA:1070,0
DA:1071,0
DA:1072,0
DA:1073,0
DA:1074,0
DA:1075,0
DA:1076,0
DA:1077,0
DA:1078,0
DA:1079,0
DA:1080,0
DA:1081,0
DA:1082,0
DA:1083,0
DA:1084,0
DA:1085,0
DA:1086,0
DA:1087,0
DA:1088,0
DA:1089,0
DA:1090,0
DA:1091,0
DA:1092,0
DA:1093,0
DA:1094,0
DA:1095,0
DA:1096,0
DA:1097,0
DA:1098,0
DA:1099,0
DA:1100,0
DA:1101,0
DA:1102,0
DA:1103,0
DA:1104,0
DA:1105,0
DA:1106,0
DA:1107,0
DA:1108,0
DA:1109,0
DA:1110,0
DA:1111,0
DA:1112,0
DA:1113,0
DA:1114,0
DA:1115,0
DA:1116,0
DA:1117,0
DA:1118,0
DA:1119,0
DA:1120,0
DA:1121,0
DA:1122,0
DA:1123,0
DA:1125,0
DA:1126,0
DA:1127,0
DA:1128,0
DA:1129,0
DA:1130,0
DA:1132,0
DA:1133,0
DA:1135,0
DA:1136,0
DA:1137,0
DA:1141,0
DA:1142,0
DA:1143,0
DA:1144,0
DA:1145,0
DA:1146,0
DA:1147,0
DA:1149,0
DA:1150,0
DA:1151,0
DA:1152,0
DA:1153,0
DA:1154,0
DA:1155,0
DA:1157,0
DA:1158,0
DA:1159,0
DA:1160,0
DA:1161,0
DA:1163,0
DA:1164,0
DA:1166,0
DA:1168,0
DA:1170,0
DA:1171,0
DA:1173,0
DA:1175,0
DA:1176,0
DA:1177,0
DA:1179,0
DA:1180,0
DA:1181,0
DA:1183,0
DA:1184,0
DA:1185,0
DA:1187,0
DA:1188,0
DA:1189,0
DA:1192,0
DA:1193,0
DA:1194,0
DA:1195,0
DA:1196,0
DA:1197,0
DA:1198,0
DA:1199,0
DA:1201,0
DA:1202,0
DA:1203,0
DA:1204,0
DA:1205,0
DA:1206,0
DA:1207,0
DA:1209,0
DA:1210,0
DA:1211,0
DA:1212,0
DA:1215,0
DA:1216,0
DA:1217,0
DA:1218,0
DA:1219,0
DA:1220,0
DA:1221,0
DA:1222,0
DA:1223,0
DA:1224,0
DA:1225,0
DA:1226,0
DA:1227,0
DA:1228,0
DA:1229,0
DA:1230,0
DA:1231,0
DA:1232,0
DA:1233,0
DA:1234,0
DA:1235,0
DA:1236,0
DA:1240,0
DA:1241,0
DA:1242,0
DA:1243,0
DA:1244,0
DA:1246,0
DA:1249,0
DA:1251,0
DA:1252,0
DA:1253,0
DA:1254,0
DA:1255,0
DA:1256,0
DA:1258,0
DA:1260,0
DA:1261,0
DA:1262,0
DA:1264,0
DA:1265,0
DA:1266,0
DA:1267,0
DA:1268,0
DA:1269,0
DA:1270,0
DA:1271,0
DA:1274,0
DA:1275,0
DA:1276,0
DA:1277,0
DA:1278,0
DA:1279,0
DA:1280,0
DA:1281,0
DA:1284,0
DA:1285,0
DA:1286,0
DA:1288,0
DA:1289,0
DA:1290,0
DA:1292,0
DA:1293,0
DA:1294,0
DA:1295,0
DA:1296,0
DA:1297,0
DA:1298,0
DA:1299,0
DA:1301,0
DA:1302,0
DA:1307,0
DA:1308,0
DA:1309,0
DA:1310,0
DA:1311,0
DA:1313,0
DA:1314,0
DA:1315,0
DA:1316,0
DA:1320,0
DA:1321,0
DA:1322,0
DA:1323,0
DA:1324,0
DA:1325,0
DA:1327,0
DA:1328,0
DA:1329,0
DA:1330,0
DA:1333,0
DA:1335,0
DA:1336,0
DA:1337,0
DA:1338,0
DA:1339,0
DA:1340,0
DA:1341,0
DA:1343,0
DA:1344,0
DA:1345,0
DA:1347,0
DA:1348,0
DA:1349,0
DA:1350,0
DA:1351,0
DA:1353,0
DA:1356,0
DA:1357,0
DA:1369,0
DA:1370,0
DA:1371,0
DA:1372,0
DA:1373,0
DA:1374,0
DA:1375,0
DA:1376,0
DA:1378,0
DA:1379,0
DA:1380,0
DA:1381,0
DA:1382,0
DA:1383,0
DA:1386,0
DA:1388,0
DA:1389,0
DA:1390,0
DA:1391,0
DA:1395,0
DA:1396,0
DA:1397,0
DA:1398,0
DA:1401,0
DA:1403,0
DA:1404,0
DA:1405,0
DA:1406,0
DA:1407,0
DA:1408,0
DA:1409,0
DA:1410,0
DA:1411,0
DA:1412,0
DA:1416,0
DA:1417,0
DA:1418,0
DA:1419,0
DA:1421,0
DA:1422,0
DA:1423,0
DA:1424,0
DA:1425,0
DA:1426,0
DA:1427,0
DA:1429,0
DA:1430,0
DA:1432,0
DA:1433,0
DA:1434,0
DA:1436,0
DA:1437,0
DA:1438,0
DA:1439,0
DA:1441,0
DA:1442,0
DA:1443,0
DA:1445,0
DA:1446,0
DA:1447,0
DA:1449,0
DA:1450,0
DA:1451,0
DA:1452,0
DA:1453,0
DA:1454,0
DA:1455,0
DA:1456,0
DA:1457,0
DA:1458,0
DA:1460,0
DA:1461,0
DA:1467,0
DA:1468,0
DA:1469,0
DA:1470,0
DA:1471,0
DA:1472,0
DA:1473,0
DA:1475,0
DA:1476,0
DA:1479,0
DA:1480,0
DA:1481,0
DA:1482,0
DA:1483,0
DA:1484,0
DA:1486,0
DA:1487,0
DA:1490,0
DA:1491,0
DA:1492,0
DA:1494,0
DA:1495,0
DA:1496,0
DA:1497,0
DA:1498,0
DA:1499,0
DA:1502,0
DA:1503,0
DA:1504,0
DA:1505,0
DA:1506,0
DA:1507,0
DA:1509,0
DA:1510,0
DA:1511,0
DA:1515,0
DA:1516,0
DA:1517,0
DA:1518,0
DA:1519,0
DA:1520,0
DA:1521,0
DA:1522,0
DA:1523,0
DA:1524,0
DA:1525,0
DA:1526,0
DA:1527,0
DA:1529,0
DA:1530,0
DA:1531,0
DA:1532,0
DA:1533,0
DA:1534,0
DA:1535,0
DA:1536,0
DA:1538,0
DA:1539,0
DA:1540,0
DA:1541,0
DA:1542,0
DA:1543,0
DA:1544,0
DA:1545,0
DA:1546,0
DA:1547,0
DA:1552,0
DA:1553,0
DA:1554,0
DA:1555,0
DA:1556,0
DA:1557,0
DA:1558,0
DA:1560,0
DA:1561,0
DA:1562,0
DA:1564,0
DA:1565,0
DA:1566,0
DA:1570,0
DA:1571,0
DA:1572,0
DA:1574,0
DA:1575,0
DA:1576,0
DA:1577,0
DA:1578,0
DA:1579,0
DA:1580,0
DA:1581,0
DA:1582,0
DA:1583,0
DA:1584,0
DA:1585,0
DA:1586,0
DA:1587,0
DA:1588,0
DA:1589,0
DA:1591,0
DA:1592,0
DA:1593,0
DA:1594,0
DA:1595,0
DA:1596,0
DA:1597,0
DA:1598,0
DA:1599,0
DA:1600,0
DA:1601,0
DA:1602,0
DA:1603,0
DA:1604,0
DA:1605,0
DA:1606,0
DA:1607,0
DA:1608,0
DA:1609,0
DA:1610,0
DA:1611,0
DA:1612,0
DA:1613,0
DA:1614,0
DA:1615,0
DA:1616,0
DA:1618,0
DA:1619,0
DA:1620,0
DA:1621,0
DA:1622,0
DA:1623,0
DA:1624,0
DA:1625,0
DA:1626,0
DA:1627,0
DA:1628,0
DA:1629,0
DA:1630,0
DA:1631,0
DA:1632,0
DA:1633,0
DA:1634,0
DA:1635,0
DA:1636,0
DA:1637,0
DA:1638,0
DA:1639,0
DA:1640,0
DA:1641,0
DA:1642,0
DA:1643,0
DA:1644,0
DA:1645,0
DA:1646,0
DA:1650,0
DA:1651,0
DA:1652,0
DA:1653,0
DA:1654,0
DA:1655,0
DA:1656,0
DA:1657,0
DA:1661,0
DA:1665,0
DA:1666,0
DA:1667,0
DA:1668,0
DA:1669,0
DA:1670,0
DA:1671,0
DA:1672,0
DA:1673,0
DA:1674,0
DA:1675,0
DA:1676,0
DA:1677,0
DA:1678,0
DA:1679,0
DA:1680,0
DA:1681,0
DA:1682,0
DA:1683,0
DA:1684,0
DA:1685,0
DA:1686,0
DA:1688,0
DA:1689,0
DA:1690,0
DA:1692,0
DA:1693,0
DA:1695,0
DA:1697,0
DA:1700,0
DA:1702,0
DA:1705,0
DA:1707,0
DA:1708,0
DA:1710,0
DA:1712,0
DA:1715,0
DA:1717,0
DA:1720,0
DA:1721,0
DA:1723,0
DA:1726,0
DA:1727,0
DA:1728,0
DA:1730,0
DA:1733,0
DA:1734,0
DA:1735,0
DA:1736,0
DA:1737,0
DA:1738,0
DA:1739,0
DA:1740,0
DA:1741,0
DA:1743,0
DA:1747,0
DA:1748,0
DA:1749,0
DA:1751,0
DA:1752,0
DA:1754,0
DA:1755,0
DA:1756,0
DA:1757,0
DA:1758,0
DA:1760,0
DA:1763,0
DA:1765,0
DA:1768,0
DA:1770,0
DA:1773,0
DA:1774,0
DA:1776,0
DA:1777,0
DA:1778,0
DA:1779,0
DA:1780,0
DA:1781,0
DA:1782,0
DA:1784,0
DA:1785,0
DA:1786,0
DA:1787,0
DA:1788,0
DA:1789,0
DA:1791,0
DA:1792,0
DA:1793,0
DA:1794,0
DA:1795,0
DA:1796,0
DA:1797,0
DA:1798,0
DA:1799,0
DA:1800,0
DA:1801,0
DA:1802,0
DA:1804,0
DA:1805,0
DA:1806,0
DA:1807,0
DA:1808,0
DA:1809,0
DA:1810,0
DA:1811,0
DA:1812,0
DA:1813,0
DA:1814,0
DA:1815,0
DA:1816,0
DA:1818,0
DA:1819,0
DA:1820,0
DA:1826,0
DA:1828,0
DA:1829,0
DA:1830,0
DA:1832,0
DA:1833,0
DA:1834,0
DA:1836,0
DA:1837,0
DA:1838,0
DA:1839,0
DA:1840,0
DA:1842,0
DA:1843,0
DA:1845,0
DA:1846,0
DA:1847,0
DA:1848,0
DA:1849,0
DA:1850,0
DA:1851,0
DA:1852,0
DA:1853,0
DA:1855,0
DA:1860,0
DA:1862,0
DA:1863,0
DA:1864,0
DA:1865,0
DA:1866,0
DA:1867,0
DA:1868,0
DA:1869,0
DA:1870,0
DA:1871,0
DA:1872,0
DA:1873,0
DA:1874,0
DA:1875,0
DA:1876,0
DA:1877,0
DA:1878,0
DA:1880,0
DA:1881,0
DA:1882,0
DA:1883,0
DA:1884,0
DA:1886,0
DA:1887,0
DA:1888,0
DA:1889,0
DA:1890,0
DA:1891,0
DA:1892,0
DA:1893,0
DA:1895,0
DA:1896,0
DA:1897,0
DA:1899,0
DA:1900,0
DA:1902,0
DA:1903,0
DA:1905,0
DA:1906,0
DA:1907,0
DA:1908,0
DA:1909,0
DA:1911,0
DA:1913,0
DA:1914,0
DA:1916,0
DA:1917,0
DA:1918,0
DA:1919,0
DA:1920,0
DA:1921,0
DA:1922,0
DA:1923,0
DA:1924,0
DA:1925,0
DA:1926,0
DA:1927,0
DA:1928,0
DA:1930,0
DA:1932,0
DA:1933,0
DA:1934,0
DA:1935,0
DA:1936,0
DA:1938,0
DA:1939,0
DA:1940,0
DA:1941,0
DA:1943,0
DA:1944,0
DA:1945,0
DA:1946,0
DA:1948,0
DA:1949,0
DA:1950,0
DA:1951,0
DA:1952,0
DA:1953,0
DA:1955,0
DA:1956,0
DA:1957,0
DA:1958,0
DA:1959,0
DA:1960,0
DA:1961,0
DA:1962,0
DA:1963,0
DA:1965,0
DA:1968,0
DA:1969,0
DA:1972,0
DA:1973,0
DA:1977,0
DA:1978,0
DA:1979,0
DA:1980,0
DA:1981,0
DA:1982,0
DA:1983,0
DA:1985,0
DA:1987,0
DA:1988,0
DA:1989,0
DA:1990,0
DA:1991,0
DA:1992,0
DA:2001,0
DA:2004,0
DA:2005,0
DA:2006,0
DA:2010,0
DA:2012,0
DA:2013,0
DA:2014,0
DA:2015,0
DA:2017,0
DA:2019,0
DA:2021,0
DA:2022,0
DA:2023,0
DA:2024,0
DA:2025,0
DA:2026,0
DA:2027,0
DA:2028,0
DA:2029,0
DA:2030,0
DA:2031,0
DA:2032,0
DA:2033,0
DA:2034,0
DA:2035,0
DA:2036,0
DA:2037,0
DA:2038,0
DA:2039,0
DA:2040,0
DA:2041,0
DA:2043,0
DA:2044,0
DA:2045,0
DA:2046,0
DA:2048,0
DA:2049,0
DA:2050,0
DA:2051,0
DA:2052,0
DA:2053,0
DA:2054,0
DA:2055,0
DA:2056,0
DA:2057,0
DA:2058,0
DA:2060,0
DA:2061,0
DA:2062,0
DA:2064,0
DA:2066,0
DA:2067,0
DA:2068,0
DA:2069,0
DA:2070,0
DA:2072,0
DA:2073,0
DA:2074,0
DA:2075,0
DA:2076,0
DA:2077,0
DA:2078,0
DA:2079,0
DA:2080,0
DA:2081,0
DA:2082,0
DA:2084,0
DA:2085,0
DA:2086,0
DA:2087,0
DA:2089,0
DA:2090,0
DA:2091,0
DA:2092,0
DA:2093,0
DA:2094,0
DA:2095,0
DA:2096,0
DA:2097,0
DA:2098,0
DA:2099,0
DA:2100,0
DA:2101,0
DA:2102,0
DA:2103,0
DA:2104,0
DA:2105,0
DA:2106,0
DA:2108,0
DA:2109,0
DA:2111,0
DA:2112,0
DA:2113,0
DA:2114,0
DA:2115,0
DA:2116,0
DA:2117,0
DA:2118,0
DA:2119,0
DA:2120,0
DA:2121,0
DA:2122,0
DA:2123,0
DA:2124,0
DA:2125,0
DA:2126,0
DA:2127,0
DA:2128,0
DA:2129,0
DA:2130,0
DA:2132,0
DA:2133,0
DA:2134,0
DA:2136,0
DA:2138,0
DA:2139,0
DA:2140,0
DA:2141,0
DA:2142,0
DA:2143,0
DA:2144,0
DA:2146,0
DA:2147,0
DA:2148,0
DA:2149,0
DA:2150,0
DA:2151,0
DA:2152,0
DA:2153,0
DA:2154,0
DA:2155,0
DA:2156,0
DA:2158,0
DA:2159,0
DA:2160,0
DA:2161,0
DA:2162,0
DA:2164,0
DA:2165,0
DA:2166,0
DA:2167,0
DA:2168,0
DA:2169,0
DA:2170,0
DA:2171,0
DA:2172,0
DA:2173,0
DA:2174,0
DA:2175,0
DA:2176,0
DA:2177,0
DA:2178,0
DA:2179,0
DA:2180,0
DA:2181,0
DA:2183,0
DA:2184,0
DA:2186,0
DA:2187,0
DA:2188,0
DA:2189,0
DA:2190,0
DA:2191,0
DA:2192,0
DA:2193,0
DA:2194,0
DA:2195,0
DA:2196,0
DA:2197,0
DA:2199,0
DA:2200,0
DA:2201,0
DA:2202,0
DA:2204,0
DA:2205,0
DA:2206,0
DA:2207,0
DA:2209,0
DA:2210,0
DA:2211,0
DA:2212,0
DA:2214,0
DA:2215,0
DA:2216,0
DA:2217,0
DA:2218,0
DA:2220,0
DA:2221,0
DA:2222,0
DA:2223,0
DA:2225,0
DA:2227,0
DA:2228,0
DA:2229,0
DA:2230,0
DA:2231,0
DA:2232,0
DA:2233,0
DA:2234,0
DA:2235,0
DA:2236,0
DA:2237,0
DA:2238,0
DA:2241,0
DA:2242,0
DA:2246,0
DA:2247,0
DA:2248,0
DA:2250,0
DA:2251,0
DA:2252,0
DA:2253,0
DA:2255,0
DA:2258,0
DA:2260,0
DA:2262,0
DA:2265,0
DA:2269,0
DA:2270,0
DA:2271,0
DA:2273,0
DA:2274,0
DA:2275,0
DA:2276,0
DA:2277,0
DA:2278,0
DA:2279,0
DA:2281,0
DA:2284,0
DA:2285,0
DA:2286,0
DA:2287,0
DA:2288,0
DA:2289,0
DA:2291,0
DA:2293,0
DA:2294,0
DA:2295,0
DA:2297,0
DA:2299,0
DA:2302,0
DA:2303,0
DA:2304,0
DA:2305,0
DA:2306,0
DA:2308,0
DA:2310,0
DA:2311,0
DA:2312,0
DA:2313,0
DA:2314,0
DA:2315,0
DA:2316,0
DA:2317,0
DA:2318,0
DA:2322,0
DA:2323,0
DA:2326,0
DA:2327,0
DA:2328,0
DA:2329,0
DA:2330,0
DA:2331,0
DA:2332,0
DA:2333,0
DA:2334,0
DA:2335,0
DA:2336,0
DA:2337,0
DA:2338,0
DA:2339,0
DA:2340,0
DA:2341,0
DA:2342,0
DA:2343,0
DA:2345,0
DA:2346,0
DA:2347,0
DA:2349,0
DA:2350,0
DA:2351,0
DA:2353,0
DA:2354,0
DA:2355,0
DA:2356,0
DA:2357,0
DA:2358,0
DA:2359,0
DA:2364,0
DA:2366,0
DA:2367,0
DA:2368,0
DA:2369,0
DA:2370,0
DA:2371,0
DA:2372,0
DA:2373,0
DA:2374,0
DA:2375,0
DA:2376,0
DA:2377,0
DA:2379,0
DA:2380,0
DA:2381,0
DA:2382,0
DA:2383,0
DA:2384,0
DA:2385,0
DA:2387,0
DA:2388,0
DA:2389,0
DA:2390,0
DA:2391,0
DA:2392,0
DA:2394,0
DA:2395,0
DA:2396,0
DA:2397,0
DA:2398,0
DA:2399,0
DA:2401,0
DA:2403,0
DA:2404,0
DA:2405,0
DA:2410,0
DA:2412,0
DA:2413,0
DA:2414,0
DA:2415,0
DA:2416,0
DA:2417,0
DA:2418,0
DA:2419,0
DA:2420,0
DA:2421,0
DA:2423,0
DA:2424,0
DA:2425,0
DA:2426,0
DA:2427,0
DA:2428,0
DA:2429,0
DA:2433,0
DA:2434,0
DA:2435,0
DA:2437,0
DA:2438,0
DA:2439,0
DA:2440,0
DA:2441,0
DA:2443,0
DA:2444,0
DA:2446,0
DA:2447,0
DA:2448,0
DA:2449,0
DA:2450,0
DA:2451,0
DA:2452,0
DA:2453,0
DA:2455,0
DA:2456,0
DA:2457,0
DA:2458,0
DA:2459,0
DA:2460,0
DA:2461,0
DA:2462,0
DA:2463,0
DA:2464,0
DA:2465,0
DA:2466,0
DA:2468,0
DA:2469,0
DA:2470,0
DA:2471,0
DA:2472,0
DA:2474,0
DA:2475,0
DA:2476,0
DA:2477,0
DA:2478,0
DA:2479,0
DA:2480,0
DA:2481,0
DA:2482,0
DA:2483,0
DA:2484,0
DA:2485,0
DA:2486,0
DA:2487,0
DA:2488,0
DA:2489,0
DA:2490,0
DA:2491,0
DA:2492,0
DA:2493,0
DA:2494,0
DA:2500,0
DA:2501,0
DA:2502,0
DA:2503,0
DA:2504,0
DA:2506,0
DA:2507,0
DA:2509,0
DA:2510,0
DA:2511,0
DA:2512,0
DA:2513,0
DA:2514,0
DA:2515,0
DA:2516,0
DA:2517,0
DA:2518,0
DA:2519,0
DA:2520,0
DA:2522,0
DA:2523,0
DA:2524,0
DA:2525,0
DA:2526,0
DA:2527,0
DA:2528,0
DA:2529,0
DA:2530,0
DA:2531,0
DA:2532,0
DA:2534,0
DA:2535,0
DA:2536,0
DA:2537,0
DA:2538,0
DA:2539,0
DA:2540,0
DA:2541,0
DA:2542,0
DA:2543,0
DA:2544,0
DA:2545,0
DA:2546,0
DA:2547,0
DA:2548,0
DA:2549,0
DA:2550,0
DA:2554,0
DA:2555,0
DA:2556,0
DA:2557,0
DA:2559,0
DA:2560,0
DA:2561,0
DA:2562,0
DA:2563,0
DA:2564,0
DA:2565,0
DA:2566,0
DA:2568,0
DA:2571,0
DA:2573,0
DA:2574,0
DA:2575,0
DA:2576,0
DA:2577,0
DA:2578,0
DA:2582,0
DA:2583,0
DA:2584,0
DA:2585,0
DA:2586,0
DA:2587,0
DA:2588,0
DA:2589,0
DA:2591,0
DA:2593,0
DA:2594,0
DA:2595,0
DA:2596,0
DA:2597,0
DA:2598,0
DA:2599,0
DA:2600,0
DA:2601,0
DA:2602,0
DA:2603,0
DA:2604,0
DA:2605,0
DA:2606,0
DA:2607,0
DA:2608,0
DA:2609,0
DA:2610,0
DA:2611,0
DA:2613,0
DA:2615,0
DA:2616,0
DA:2618,0
DA:2619,0
DA:2620,0
DA:2621,0
DA:2622,0
DA:2623,0
DA:2624,0
DA:2625,0
DA:2626,0
DA:2630,0
DA:2631,0
DA:2632,0
DA:2633,0
DA:2634,0
DA:2635,0
DA:2637,0
DA:2638,0
DA:2639,0
DA:2640,0
DA:2641,0
DA:2642,0
DA:2644,0
DA:2646,0
DA:2647,0
DA:2648,0
DA:2649,0
DA:2650,0
DA:2652,0
DA:2653,0
DA:2654,0
BRF:0
BRH:0
LF:1714
LH:0
end_of_record
SF:C:\Users\n1mz\Desktop\oxide-sloc\crates\sloc-config\src\lib.rs
FN:179,_RNvCs4hBIp9cPWZt_11sloc_config12default_true
FN:207,_RNvCs4hBIp9cPWZt_11sloc_config13default_theme
FN:219,_RNvCs4hBIp9cPWZt_11sloc_config18validate_hex_color
FN:211,_RNvCs4hBIp9cPWZt_11sloc_config20default_bind_address
FN:199,_RNvCs4hBIp9cPWZt_11sloc_config20default_report_title
FN:203,_RNvCs4hBIp9cPWZt_11sloc_config22default_output_formats
FN:187,_RNvCs4hBIp9cPWZt_11sloc_config24default_style_lang_scope
FN:195,_RNvCs4hBIp9cPWZt_11sloc_config27default_max_file_size_bytes
FN:183,_RNvCs4hBIp9cPWZt_11sloc_config27default_style_col_threshold
FN:191,_RNvCs4hBIp9cPWZt_11sloc_config28default_excluded_directories
FN:396,_RNvMs3_Cs4hBIp9cPWZt_11sloc_configNtB5_9AppConfig13apply_profile
FN:420,_RNvMs4_Cs4hBIp9cPWZt_11sloc_configNtB5_9AppConfig14load_from_file
FN:432,_RNvMs4_Cs4hBIp9cPWZt_11sloc_configNtB5_9AppConfig8validate
FN:246,_RNvMs_Cs4hBIp9cPWZt_11sloc_configNtB4_12BudgetConfig8is_empty
FN:253,_RNvMs_Cs4hBIp9cPWZt_11sloc_configNtB4_12BudgetConfig8validate
FN:96,_RNvXCs4hBIp9cPWZt_11sloc_configNtB2_15DiscoveryConfigNtNtCs8icZUrvfcq9_4core7default7Default7default
FN:264,_RNvXs0_Cs4hBIp9cPWZt_11sloc_configNtB5_14AnalysisConfigNtNtCs8icZUrvfcq9_4core7default7Default7default
FN:323,_RNvXs1_Cs4hBIp9cPWZt_11sloc_configNtB5_15ReportingConfigNtNtCs8icZUrvfcq9_4core7default7Default7default
FN:350,_RNvXs2_Cs4hBIp9cPWZt_11sloc_configNtB5_9WebConfigNtNtCs8icZUrvfcq9_4core7default7Default7default
FN:222,_RNCNvCs4hBIp9cPWZt_11sloc_config18validate_hex_color0B3_
FN:223,_RNCNvCs4hBIp9cPWZt_11sloc_config18validate_hex_colors_0B3_
FN:400,_RNCNvMs3_Cs4hBIp9cPWZt_11sloc_configNtB7_9AppConfig13apply_profile0B7_
FN:422,_RNCNvMs4_Cs4hBIp9cPWZt_11sloc_configNtB7_9AppConfig14load_from_file0B7_
FN:424,_RNCNvMs4_Cs4hBIp9cPWZt_11sloc_configNtB7_9AppConfig14load_from_files_0B7_
FN:443,_RNCNvMs4_Cs4hBIp9cPWZt_11sloc_configNtB7_9AppConfig8validate0B7_
FN:179,_RNvCs9tsoUMc75TJ_11sloc_config12default_true
FN:207,_RNvCs9tsoUMc75TJ_11sloc_config13default_theme
FN:219,_RNvCs9tsoUMc75TJ_11sloc_config18validate_hex_color
FN:211,_RNvCs9tsoUMc75TJ_11sloc_config20default_bind_address
FN:199,_RNvCs9tsoUMc75TJ_11sloc_config20default_report_title
FN:203,_RNvCs9tsoUMc75TJ_11sloc_config22default_output_formats
FN:187,_RNvCs9tsoUMc75TJ_11sloc_config24default_style_lang_scope
FN:195,_RNvCs9tsoUMc75TJ_11sloc_config27default_max_file_size_bytes
FN:183,_RNvCs9tsoUMc75TJ_11sloc_config27default_style_col_threshold
FN:191,_RNvCs9tsoUMc75TJ_11sloc_config28default_excluded_directories
FN:396,_RNvMs3_Cs9tsoUMc75TJ_11sloc_configNtB5_9AppConfig13apply_profile
FN:420,_RNvMs4_Cs9tsoUMc75TJ_11sloc_configNtB5_9AppConfig14load_from_file
FN:432,_RNvMs4_Cs9tsoUMc75TJ_11sloc_configNtB5_9AppConfig8validate
FN:246,_RNvMs_Cs9tsoUMc75TJ_11sloc_configNtB4_12BudgetConfig8is_empty
FN:253,_RNvMs_Cs9tsoUMc75TJ_11sloc_configNtB4_12BudgetConfig8validate
FN:96,_RNvXCs9tsoUMc75TJ_11sloc_configNtB2_15DiscoveryConfigNtNtCs8icZUrvfcq9_4core7default7Default7default
FN:264,_RNvXs0_Cs9tsoUMc75TJ_11sloc_configNtB5_14AnalysisConfigNtNtCs8icZUrvfcq9_4core7default7Default7default
FN:323,_RNvXs1_Cs9tsoUMc75TJ_11sloc_configNtB5_15ReportingConfigNtNtCs8icZUrvfcq9_4core7default7Default7default
FN:350,_RNvXs2_Cs9tsoUMc75TJ_11sloc_configNtB5_9WebConfigNtNtCs8icZUrvfcq9_4core7default7Default7default
FN:491,_RNvNtCs9tsoUMc75TJ_11sloc_config5testss_21hex_color_empty_fails
FN:461,_RNvNtCs9tsoUMc75TJ_11sloc_config5testss_26hex_color_valid_six_digits
FN:499,_RNvNtCs9tsoUMc75TJ_11sloc_config5testss_28app_config_default_validates
FN:474,_RNvNtCs9tsoUMc75TJ_11sloc_config5testss_28hex_color_missing_hash_fails
FN:468,_RNvNtCs9tsoUMc75TJ_11sloc_config5testss_28hex_color_valid_three_digits
FN:479,_RNvNtCs9tsoUMc75TJ_11sloc_config5testss_28hex_color_wrong_length_fails
FN:485,_RNvNtCs9tsoUMc75TJ_11sloc_config5testss_29hex_color_non_hex_chars_fails
FN:672,_RNvNtCs9tsoUMc75TJ_11sloc_config5testss_32apply_profile_overrides_sections
FN:695,_RNvNtCs9tsoUMc75TJ_11sloc_config5testss_33apply_profile_unknown_name_errors
FN:599,_RNvNtCs9tsoUMc75TJ_11sloc_config5testss_33load_from_file_full_config_parses
FN:625,_RNvNtCs9tsoUMc75TJ_11sloc_config5testss_33mixed_line_policy_serde_roundtrip
FN:590,_RNvNtCs9tsoUMc75TJ_11sloc_config5testss_34load_from_file_invalid_toml_errors
FN:584,_RNvNtCs9tsoUMc75TJ_11sloc_config5testss_34load_from_file_missing_file_errors
FN:512,_RNvNtCs9tsoUMc75TJ_11sloc_config5testss_35app_config_empty_bind_address_fails
FN:505,_RNvNtCs9tsoUMc75TJ_11sloc_config5testss_35app_config_zero_max_file_size_fails
FN:526,_RNvNtCs9tsoUMc75TJ_11sloc_config5testss_36app_config_valid_accent_color_passes
FN:639,_RNvNtCs9tsoUMc75TJ_11sloc_config5testss_36binary_file_behavior_serde_roundtrip
FN:535,_RNvNtCs9tsoUMc75TJ_11sloc_config5testss_36budget_config_is_empty_when_all_zero
FN:519,_RNvNtCs9tsoUMc75TJ_11sloc_config5testss_37app_config_invalid_accent_color_fails
FN:575,_RNvNtCs9tsoUMc75TJ_11sloc_config5testss_37load_from_file_minimal_toml_roundtrip
FN:544,_RNvNtCs9tsoUMc75TJ_11sloc_config5testss_38budget_config_not_empty_when_total_set
FN:648,_RNvNtCs9tsoUMc75TJ_11sloc_config5testss_40continuation_line_policy_serde_roundtrip
FN:563,_RNvNtCs9tsoUMc75TJ_11sloc_config5testss_42budget_config_validate_fails_zero_per_lang
FN:660,_RNvNtCs9tsoUMc75TJ_11sloc_config5testss_45blank_in_block_comment_policy_serde_roundtrip
FN:553,_RNvNtCs9tsoUMc75TJ_11sloc_config5testss_52budget_config_validate_passes_with_positive_per_lang
FN:222,_RNCNvCs9tsoUMc75TJ_11sloc_config18validate_hex_color0B3_
FN:223,_RNCNvCs9tsoUMc75TJ_11sloc_config18validate_hex_colors_0B3_
FN:400,_RNCNvMs3_Cs9tsoUMc75TJ_11sloc_configNtB7_9AppConfig13apply_profile0B7_
FN:422,_RNCNvMs4_Cs9tsoUMc75TJ_11sloc_configNtB7_9AppConfig14load_from_file0B7_
FN:424,_RNCNvMs4_Cs9tsoUMc75TJ_11sloc_configNtB7_9AppConfig14load_from_files_0B7_
FN:443,_RNCNvMs4_Cs9tsoUMc75TJ_11sloc_configNtB7_9AppConfig8validate0B7_
FNDA:0,_RNvCs4hBIp9cPWZt_11sloc_config12default_true
FNDA:0,_RNvCs4hBIp9cPWZt_11sloc_config13default_theme
FNDA:0,_RNvCs4hBIp9cPWZt_11sloc_config18validate_hex_color
FNDA:0,_RNvCs4hBIp9cPWZt_11sloc_config20default_bind_address
FNDA:0,_RNvCs4hBIp9cPWZt_11sloc_config20default_report_title
FNDA:0,_RNvCs4hBIp9cPWZt_11sloc_config22default_output_formats
FNDA:0,_RNvCs4hBIp9cPWZt_11sloc_config24default_style_lang_scope
FNDA:0,_RNvCs4hBIp9cPWZt_11sloc_config27default_max_file_size_bytes
FNDA:0,_RNvCs4hBIp9cPWZt_11sloc_config27default_style_col_threshold
FNDA:0,_RNvCs4hBIp9cPWZt_11sloc_config28default_excluded_directories
FNDA:0,_RNvMs3_Cs4hBIp9cPWZt_11sloc_configNtB5_9AppConfig13apply_profile
FNDA:0,_RNvMs4_Cs4hBIp9cPWZt_11sloc_configNtB5_9AppConfig14load_from_file
FNDA:47,_RNvMs4_Cs4hBIp9cPWZt_11sloc_configNtB5_9AppConfig8validate
FNDA:0,_RNvMs_Cs4hBIp9cPWZt_11sloc_configNtB4_12BudgetConfig8is_empty
FNDA:0,_RNvMs_Cs4hBIp9cPWZt_11sloc_configNtB4_12BudgetConfig8validate
FNDA:903,_RNvXCs4hBIp9cPWZt_11sloc_configNtB2_15DiscoveryConfigNtNtCs8icZUrvfcq9_4core7default7Default7default
FNDA:903,_RNvXs0_Cs4hBIp9cPWZt_11sloc_configNtB5_14AnalysisConfigNtNtCs8icZUrvfcq9_4core7default7Default7default
FNDA:903,_RNvXs1_Cs4hBIp9cPWZt_11sloc_configNtB5_15ReportingConfigNtNtCs8icZUrvfcq9_4core7default7Default7default
FNDA:902,_RNvXs2_Cs4hBIp9cPWZt_11sloc_configNtB5_9WebConfigNtNtCs8icZUrvfcq9_4core7default7Default7default
FNDA:0,_RNCNvCs4hBIp9cPWZt_11sloc_config18validate_hex_color0B3_
FNDA:0,_RNCNvCs4hBIp9cPWZt_11sloc_config18validate_hex_colors_0B3_
FNDA:0,_RNCNvMs3_Cs4hBIp9cPWZt_11sloc_configNtB7_9AppConfig13apply_profile0B7_
FNDA:0,_RNCNvMs4_Cs4hBIp9cPWZt_11sloc_configNtB7_9AppConfig14load_from_file0B7_
FNDA:0,_RNCNvMs4_Cs4hBIp9cPWZt_11sloc_configNtB7_9AppConfig14load_from_files_0B7_
FNDA:0,_RNCNvMs4_Cs4hBIp9cPWZt_11sloc_configNtB7_9AppConfig8validate0B7_
FNDA:15,_RNvCs9tsoUMc75TJ_11sloc_config12default_true
FNDA:1,_RNvCs9tsoUMc75TJ_11sloc_config13default_theme
FNDA:14,_RNvCs9tsoUMc75TJ_11sloc_config18validate_hex_color
FNDA:0,_RNvCs9tsoUMc75TJ_11sloc_config20default_bind_address
FNDA:0,_RNvCs9tsoUMc75TJ_11sloc_config20default_report_title
FNDA:1,_RNvCs9tsoUMc75TJ_11sloc_config22default_output_formats
FNDA:1,_RNvCs9tsoUMc75TJ_11sloc_config24default_style_lang_scope
FNDA:1,_RNvCs9tsoUMc75TJ_11sloc_config27default_max_file_size_bytes
FNDA:1,_RNvCs9tsoUMc75TJ_11sloc_config27default_style_col_threshold
FNDA:2,_RNvCs9tsoUMc75TJ_11sloc_config28default_excluded_directories
FNDA:2,_RNvMs3_Cs9tsoUMc75TJ_11sloc_configNtB5_9AppConfig13apply_profile
FNDA:4,_RNvMs4_Cs9tsoUMc75TJ_11sloc_configNtB5_9AppConfig14load_from_file
FNDA:9,_RNvMs4_Cs9tsoUMc75TJ_11sloc_configNtB5_9AppConfig8validate
FNDA:2,_RNvMs_Cs9tsoUMc75TJ_11sloc_configNtB4_12BudgetConfig8is_empty
FNDA:2,_RNvMs_Cs9tsoUMc75TJ_11sloc_configNtB4_12BudgetConfig8validate
FNDA:7,_RNvXCs9tsoUMc75TJ_11sloc_configNtB2_15DiscoveryConfigNtNtCs8icZUrvfcq9_4core7default7Default7default
FNDA:8,_RNvXs0_Cs9tsoUMc75TJ_11sloc_configNtB5_14AnalysisConfigNtNtCs8icZUrvfcq9_4core7default7Default7default
FNDA:8,_RNvXs1_Cs9tsoUMc75TJ_11sloc_configNtB5_15ReportingConfigNtNtCs8icZUrvfcq9_4core7default7Default7default
FNDA:8,_RNvXs2_Cs9tsoUMc75TJ_11sloc_configNtB5_9WebConfigNtNtCs8icZUrvfcq9_4core7default7Default7default
FNDA:1,_RNvNtCs9tsoUMc75TJ_11sloc_config5testss_21hex_color_empty_fails
FNDA:1,_RNvNtCs9tsoUMc75TJ_11sloc_config5testss_26hex_color_valid_six_digits
FNDA:1,_RNvNtCs9tsoUMc75TJ_11sloc_config5testss_28app_config_default_validates
FNDA:1,_RNvNtCs9tsoUMc75TJ_11sloc_config5testss_28hex_color_missing_hash_fails
FNDA:1,_RNvNtCs9tsoUMc75TJ_11sloc_config5testss_28hex_color_valid_three_digits
FNDA:1,_RNvNtCs9tsoUMc75TJ_11sloc_config5testss_28hex_color_wrong_length_fails
FNDA:1,_RNvNtCs9tsoUMc75TJ_11sloc_config5testss_29hex_color_non_hex_chars_fails
FNDA:1,_RNvNtCs9tsoUMc75TJ_11sloc_config5testss_32apply_profile_overrides_sections
FNDA:1,_RNvNtCs9tsoUMc75TJ_11sloc_config5testss_33apply_profile_unknown_name_errors
FNDA:1,_RNvNtCs9tsoUMc75TJ_11sloc_config5testss_33load_from_file_full_config_parses
FNDA:1,_RNvNtCs9tsoUMc75TJ_11sloc_config5testss_33mixed_line_policy_serde_roundtrip
FNDA:1,_RNvNtCs9tsoUMc75TJ_11sloc_config5testss_34load_from_file_invalid_toml_errors
FNDA:1,_RNvNtCs9tsoUMc75TJ_11sloc_config5testss_34load_from_file_missing_file_errors
FNDA:1,_RNvNtCs9tsoUMc75TJ_11sloc_config5testss_35app_config_empty_bind_address_fails
FNDA:1,_RNvNtCs9tsoUMc75TJ_11sloc_config5testss_35app_config_zero_max_file_size_fails
FNDA:1,_RNvNtCs9tsoUMc75TJ_11sloc_config5testss_36app_config_valid_accent_color_passes
FNDA:1,_RNvNtCs9tsoUMc75TJ_11sloc_config5testss_36binary_file_behavior_serde_roundtrip
FNDA:1,_RNvNtCs9tsoUMc75TJ_11sloc_config5testss_36budget_config_is_empty_when_all_zero
FNDA:1,_RNvNtCs9tsoUMc75TJ_11sloc_config5testss_37app_config_invalid_accent_color_fails
FNDA:1,_RNvNtCs9tsoUMc75TJ_11sloc_config5testss_37load_from_file_minimal_toml_roundtrip
FNDA:1,_RNvNtCs9tsoUMc75TJ_11sloc_config5testss_38budget_config_not_empty_when_total_set
FNDA:1,_RNvNtCs9tsoUMc75TJ_11sloc_config5testss_40continuation_line_policy_serde_roundtrip
FNDA:1,_RNvNtCs9tsoUMc75TJ_11sloc_config5testss_42budget_config_validate_fails_zero_per_lang
FNDA:1,_RNvNtCs9tsoUMc75TJ_11sloc_config5testss_45blank_in_block_comment_policy_serde_roundtrip
FNDA:1,_RNvNtCs9tsoUMc75TJ_11sloc_config5testss_52budget_config_validate_passes_with_positive_per_lang
FNDA:3,_RNCNvCs9tsoUMc75TJ_11sloc_config18validate_hex_color0B3_
FNDA:32,_RNCNvCs9tsoUMc75TJ_11sloc_config18validate_hex_colors_0B3_
FNDA:1,_RNCNvMs3_Cs9tsoUMc75TJ_11sloc_configNtB7_9AppConfig13apply_profile0B7_
FNDA:1,_RNCNvMs4_Cs9tsoUMc75TJ_11sloc_configNtB7_9AppConfig14load_from_file0B7_
FNDA:1,_RNCNvMs4_Cs9tsoUMc75TJ_11sloc_configNtB7_9AppConfig14load_from_files_0B7_
FNDA:1,_RNCNvMs4_Cs9tsoUMc75TJ_11sloc_configNtB7_9AppConfig8validate0B7_
FNF:50
FNH:48
DA:96,910
DA:97,910
DA:98,910
DA:99,910
DA:100,910
DA:101,910
DA:102,910
DA:103,910
DA:104,910
DA:105,910
DA:106,910
DA:107,910
DA:108,910
DA:109,910
DA:110,910
DA:179,15
DA:180,15
DA:181,15
DA:183,1
DA:184,1
DA:185,1
DA:187,1
DA:188,1
DA:189,1
DA:191,2
DA:192,2
DA:193,2
DA:195,1
DA:196,1
DA:197,1
DA:199,0
DA:200,0
DA:201,0
DA:203,1
DA:204,1
DA:205,1
DA:207,1
DA:208,1
DA:209,1
DA:211,0
DA:212,0
DA:213,0
DA:219,14
DA:220,14
DA:221,14
DA:222,14
DA:223,32
DA:224,5
DA:225,6
DA:226,6
DA:227,14
DA:246,2
DA:247,2
DA:248,2
DA:253,2
DA:254,2
DA:255,2
DA:256,1
DA:257,1
DA:259,1
DA:260,2
DA:264,911
DA:265,911
DA:266,911
DA:267,911
DA:268,911
DA:269,911
DA:270,911
DA:271,911
DA:272,911
DA:273,911
DA:274,911
DA:275,911
DA:276,911
DA:277,911
DA:278,911
DA:279,911
DA:280,911
DA:281,911
DA:282,911
DA:283,911
DA:284,911
DA:285,911
DA:286,911
DA:287,911
DA:288,911
DA:323,911
DA:324,911
DA:325,911
DA:326,911
DA:327,911
DA:328,911
DA:329,911
DA:330,911
DA:331,911
DA:332,911
DA:333,911
DA:334,911
DA:335,911
DA:336,911
DA:350,910
DA:351,910
DA:352,910
DA:353,910
DA:354,910
DA:355,910
DA:396,2
DA:397,2
DA:398,2
DA:399,2
DA:400,2
DA:401,1
DA:402,1
DA:403,1
DA:404,1
DA:405,1
DA:406,1
DA:407,1
DA:408,1
DA:409,1
DA:410,1
DA:411,1
DA:412,2
DA:420,4
DA:421,4
DA:422,4
DA:423,3
DA:424,3
DA:425,2
DA:426,2
DA:427,4
DA:432,56
DA:433,56
DA:434,1
DA:435,55
DA:437,55
DA:438,2
DA:439,53
DA:441,53
DA:442,2
DA:443,2
DA:444,51
DA:446,52
DA:447,0
DA:448,52
DA:450,52
DA:451,56
DA:461,1
DA:462,1
DA:463,1
DA:464,1
DA:465,1
DA:468,1
DA:469,1
DA:470,1
DA:471,1
DA:474,1
DA:475,1
DA:476,1
DA:479,1
DA:480,1
DA:481,1
DA:482,1
DA:485,1
DA:486,1
DA:487,1
DA:488,1
DA:491,1
DA:492,1
DA:493,1
DA:494,1
DA:499,1
DA:500,1
DA:501,1
DA:502,1
DA:505,1
DA:506,1
DA:507,1
DA:508,1
DA:509,1
DA:512,1
DA:513,1
DA:514,1
DA:515,1
DA:516,1
DA:519,1
DA:520,1
DA:521,1
DA:522,1
DA:523,1
DA:526,1
DA:527,1
DA:528,1
DA:529,1
DA:530,1
DA:535,1
DA:536,1
DA:537,1
DA:538,1
DA:539,1
DA:540,1
DA:541,1
DA:544,1
DA:545,1
DA:546,1
DA:547,1
DA:548,1
DA:549,1
DA:550,1
DA:553,1
DA:554,1
DA:555,1
DA:556,1
DA:557,1
DA:558,1
DA:559,1
DA:560,1
DA:563,1
DA:564,1
DA:565,1
DA:566,1
DA:567,1
DA:568,1
DA:569,1
DA:570,1
DA:575,1
DA:576,1
DA:577,1
DA:578,1
DA:579,1
DA:580,1
DA:581,1
DA:584,1
DA:585,1
DA:586,1
DA:587,1
DA:590,1
DA:591,1
DA:592,1
DA:593,1
DA:594,1
DA:595,1
DA:596,1
DA:599,1
DA:600,1
DA:601,1
DA:602,1
DA:603,1
DA:604,1
DA:605,1
DA:606,1
DA:607,1
DA:608,1
DA:609,1
DA:610,1
DA:611,1
DA:612,1
DA:613,1
DA:614,1
DA:615,1
DA:616,1
DA:617,1
DA:618,1
DA:619,1
DA:620,1
DA:625,1
DA:626,4
DA:627,1
DA:628,1
DA:629,1
DA:630,1
DA:631,1
DA:632,4
DA:633,4
DA:634,4
DA:636,1
DA:639,1
DA:640,2
DA:641,2
DA:642,2
DA:643,2
DA:645,1
DA:648,1
DA:649,2
DA:650,1
DA:651,1
DA:652,1
DA:653,2
DA:654,2
DA:655,2
DA:657,1
DA:660,1
DA:661,2
DA:662,1
DA:663,1
DA:664,1
DA:665,2
DA:666,2
DA:667,2
DA:669,1
DA:672,1
DA:673,1
DA:674,1
DA:675,1
DA:676,1
DA:677,1
DA:678,1
DA:679,1
DA:680,1
DA:681,1
DA:682,1
DA:683,1
DA:684,1
DA:686,1
DA:687,1
DA:688,1
DA:692,1
DA:695,1
DA:696,1
DA:697,1
DA:698,1
BRF:0
BRH:0
LF:327
LH:320
end_of_record
SF:C:\Users\n1mz\Desktop\oxide-sloc\crates\sloc-core\src\baseline.rs
FN:45,_RNCNvMNtCsj1xTXLBDV82_9sloc_core8baselineNtB4_13BaselineStore4load0B6_
FN:55,_RNCNvMNtCsj1xTXLBDV82_9sloc_core8baselineNtB4_13BaselineStore4save0B6_
FN:58,_RNCNvMNtCsj1xTXLBDV82_9sloc_core8baselineNtB4_13BaselineStore4saves_0B6_
FN:123,_RNCNvNtCsj1xTXLBDV82_9sloc_core8baseline22check_against_baseline0B5_
FN:140,_RNCNvNtCsj1xTXLBDV82_9sloc_core8baseline22check_against_baselines_0B5_
FN:77,_RNCNvNtCsj1xTXLBDV82_9sloc_core8baseline22resolve_baselines_path0B5_
FN:66,_RNvMNtCsj1xTXLBDV82_9sloc_core8baselineNtB2_13BaselineStore3get
FN:61,_RNvMNtCsj1xTXLBDV82_9sloc_core8baselineNtB2_13BaselineStore3set
FN:42,_RNvMNtCsj1xTXLBDV82_9sloc_core8baselineNtB2_13BaselineStore4load
FN:52,_RNvMNtCsj1xTXLBDV82_9sloc_core8baselineNtB2_13BaselineStore4save
FN:70,_RNvMNtCsj1xTXLBDV82_9sloc_core8baselineNtB2_13BaselineStore6remove
FN:92,_RNvMs_NtCsj1xTXLBDV82_9sloc_core8baselineNtB4_19BaselineCheckResult13print_summary
FN:117,_RNvNtCsj1xTXLBDV82_9sloc_core8baseline22check_against_baseline
FN:19,_RNvNtCsj1xTXLBDV82_9sloc_core8baseline22default_baselines_path
FN:76,_RNvNtCsj1xTXLBDV82_9sloc_core8baseline22resolve_baselines_path
FN:45,_RNCNvMNtCscuPEeCptxqI_9sloc_core8baselineNtB4_13BaselineStore4load0B6_
FN:55,_RNCNvMNtCscuPEeCptxqI_9sloc_core8baselineNtB4_13BaselineStore4save0B6_
FN:58,_RNCNvMNtCscuPEeCptxqI_9sloc_core8baselineNtB4_13BaselineStore4saves_0B6_
FN:123,_RNCNvNtCscuPEeCptxqI_9sloc_core8baseline22check_against_baseline0B5_
FN:140,_RNCNvNtCscuPEeCptxqI_9sloc_core8baseline22check_against_baselines_0B5_
FN:77,_RNCNvNtCscuPEeCptxqI_9sloc_core8baseline22resolve_baselines_path0B5_
FN:66,_RNvMNtCscuPEeCptxqI_9sloc_core8baselineNtB2_13BaselineStore3get
FN:61,_RNvMNtCscuPEeCptxqI_9sloc_core8baselineNtB2_13BaselineStore3set
FN:42,_RNvMNtCscuPEeCptxqI_9sloc_core8baselineNtB2_13BaselineStore4load
FN:52,_RNvMNtCscuPEeCptxqI_9sloc_core8baselineNtB2_13BaselineStore4save
FN:70,_RNvMNtCscuPEeCptxqI_9sloc_core8baselineNtB2_13BaselineStore6remove
FN:92,_RNvMs_NtCscuPEeCptxqI_9sloc_core8baselineNtB4_19BaselineCheckResult13print_summary
FN:117,_RNvNtCscuPEeCptxqI_9sloc_core8baseline22check_against_baseline
FN:19,_RNvNtCscuPEeCptxqI_9sloc_core8baseline22default_baselines_path
FN:76,_RNvNtCscuPEeCptxqI_9sloc_core8baseline22resolve_baselines_path
FNDA:2,_RNCNvMNtCsj1xTXLBDV82_9sloc_core8baselineNtB4_13BaselineStore4load0B6_
FNDA:0,_RNCNvMNtCsj1xTXLBDV82_9sloc_core8baselineNtB4_13BaselineStore4save0B6_
FNDA:0,_RNCNvMNtCsj1xTXLBDV82_9sloc_core8baselineNtB4_13BaselineStore4saves_0B6_
FNDA:1,_RNCNvNtCsj1xTXLBDV82_9sloc_core8baseline22check_against_baseline0B5_
FNDA:3,_RNCNvNtCsj1xTXLBDV82_9sloc_core8baseline22check_against_baselines_0B5_
FNDA:1,_RNCNvNtCsj1xTXLBDV82_9sloc_core8baseline22resolve_baselines_path0B5_
FNDA:9,_RNvMNtCsj1xTXLBDV82_9sloc_core8baselineNtB2_13BaselineStore3get
FNDA:8,_RNvMNtCsj1xTXLBDV82_9sloc_core8baselineNtB2_13BaselineStore3set
FNDA:3,_RNvMNtCsj1xTXLBDV82_9sloc_core8baselineNtB2_13BaselineStore4load
FNDA:2,_RNvMNtCsj1xTXLBDV82_9sloc_core8baselineNtB2_13BaselineStore4save
FNDA:2,_RNvMNtCsj1xTXLBDV82_9sloc_core8baselineNtB2_13BaselineStore6remove
FNDA:2,_RNvMs_NtCsj1xTXLBDV82_9sloc_core8baselineNtB4_19BaselineCheckResult13print_summary
FNDA:6,_RNvNtCsj1xTXLBDV82_9sloc_core8baseline22check_against_baseline
FNDA:1,_RNvNtCsj1xTXLBDV82_9sloc_core8baseline22default_baselines_path
FNDA:2,_RNvNtCsj1xTXLBDV82_9sloc_core8baseline22resolve_baselines_path
FNDA:0,_RNCNvMNtCscuPEeCptxqI_9sloc_core8baselineNtB4_13BaselineStore4load0B6_
FNDA:0,_RNCNvMNtCscuPEeCptxqI_9sloc_core8baselineNtB4_13BaselineStore4save0B6_
FNDA:0,_RNCNvMNtCscuPEeCptxqI_9sloc_core8baselineNtB4_13BaselineStore4saves_0B6_
FNDA:0,_RNCNvNtCscuPEeCptxqI_9sloc_core8baseline22check_against_baseline0B5_
FNDA:0,_RNCNvNtCscuPEeCptxqI_9sloc_core8baseline22check_against_baselines_0B5_
FNDA:0,_RNCNvNtCscuPEeCptxqI_9sloc_core8baseline22resolve_baselines_path0B5_
FNDA:0,_RNvMNtCscuPEeCptxqI_9sloc_core8baselineNtB2_13BaselineStore3get
FNDA:0,_RNvMNtCscuPEeCptxqI_9sloc_core8baselineNtB2_13BaselineStore3set
FNDA:0,_RNvMNtCscuPEeCptxqI_9sloc_core8baselineNtB2_13BaselineStore4load
FNDA:0,_RNvMNtCscuPEeCptxqI_9sloc_core8baselineNtB2_13BaselineStore4save
FNDA:0,_RNvMNtCscuPEeCptxqI_9sloc_core8baselineNtB2_13BaselineStore6remove
FNDA:0,_RNvMs_NtCscuPEeCptxqI_9sloc_core8baselineNtB4_19BaselineCheckResult13print_summary
FNDA:0,_RNvNtCscuPEeCptxqI_9sloc_core8baseline22check_against_baseline
FNDA:0,_RNvNtCscuPEeCptxqI_9sloc_core8baseline22default_baselines_path
FNDA:0,_RNvNtCscuPEeCptxqI_9sloc_core8baseline22resolve_baselines_path
FNF:15
FNH:13
DA:19,1
DA:22,1
DA:23,1
DA:42,3
DA:43,3
DA:44,3
DA:45,3
DA:46,3
DA:47,3
DA:52,2
DA:53,2
DA:54,2
DA:55,2
DA:56,0
DA:57,2
DA:58,2
DA:59,2
DA:61,8
DA:62,8
DA:63,8
DA:66,9
DA:67,9
DA:68,9
DA:70,2
DA:71,2
DA:72,2
DA:76,2
DA:77,2
DA:78,2
DA:92,2
DA:93,2
DA:94,2
DA:103,2
DA:104,1
DA:105,1
DA:106,1
DA:107,1
DA:108,1
DA:109,1
DA:110,2
DA:117,6
DA:118,6
DA:119,6
DA:120,6
DA:121,6
DA:122,6
DA:123,6
DA:124,1
DA:125,1
DA:127,5
DA:130,5
DA:131,5
DA:132,1
DA:136,4
DA:137,4
DA:140,5
DA:142,5
DA:143,5
DA:144,5
DA:145,5
DA:146,5
DA:147,5
DA:148,5
DA:149,5
DA:150,5
DA:151,6
BRF:0
BRH:0
LF:73
LH:70
end_of_record
SF:C:\Users\n1mz\Desktop\oxide-sloc\crates\sloc-core\src\coverage.rs
FN:167,_RNCNvNtCsj1xTXLBDV82_9sloc_core8coverage19parse_coverage_auto0B5_
FN:244,_RNCNvNtCsj1xTXLBDV82_9sloc_core8coverage20cobertura_scan_lines0B5_
FN:351,_RNCNvNtCsj1xTXLBDV82_9sloc_core8coverage21parse_jacoco_counters0B5_
FN:354,_RNCNvNtCsj1xTXLBDV82_9sloc_core8coverage21parse_jacoco_counterss_0B5_
FN:286,_RNCNvNtCsj1xTXLBDV82_9sloc_core8coverage22cobertura_scan_methods0B5_
FN:151,_RNCNvNtCsj1xTXLBDV82_9sloc_core8coverage23aggregate_line_coverage0B5_
FN:155,_RNCNvNtCsj1xTXLBDV82_9sloc_core8coverage23aggregate_line_coverages_0B5_
FN:35,_RNvMNtCsj1xTXLBDV82_9sloc_core8coverageNtB2_12FileCoverage10branch_pct
FN:26,_RNvMNtCsj1xTXLBDV82_9sloc_core8coverageNtB2_12FileCoverage12function_pct
FN:17,_RNvMNtCsj1xTXLBDV82_9sloc_core8coverageNtB2_12FileCoverage8line_pct
FN:49,_RNvNtCsj1xTXLBDV82_9sloc_core8coverage10parse_lcov
FN:434,_RNvNtCsj1xTXLBDV82_9sloc_core8coverage12extract_attr
FN:300,_RNvNtCsj1xTXLBDV82_9sloc_core8coverage12parse_jacoco
FN:387,_RNvNtCsj1xTXLBDV82_9sloc_core8coverage14parse_istanbul
FN:111,_RNvNtCsj1xTXLBDV82_9sloc_core8coverage15lookup_coverage
FN:202,_RNvNtCsj1xTXLBDV82_9sloc_core8coverage15parse_cobertura
FN:164,_RNvNtCsj1xTXLBDV82_9sloc_core8coverage19parse_coverage_auto
FN:235,_RNvNtCsj1xTXLBDV82_9sloc_core8coverage20cobertura_scan_lines
FN:317,_RNvNtCsj1xTXLBDV82_9sloc_core8coverage20parse_jacoco_package
FN:339,_RNvNtCsj1xTXLBDV82_9sloc_core8coverage21parse_jacoco_counters
FN:451,_RNvNtCsj1xTXLBDV82_9sloc_core8coverage21resolve_coverage_file
FN:278,_RNvNtCsj1xTXLBDV82_9sloc_core8coverage22cobertura_scan_methods
FN:150,_RNvNtCsj1xTXLBDV82_9sloc_core8coverage23aggregate_line_coverage
FN:257,_RNvNtCsj1xTXLBDV82_9sloc_core8coverage31parse_cobertura_branch_fraction
FN:167,_RNCNvNtCscuPEeCptxqI_9sloc_core8coverage19parse_coverage_auto0B5_
FN:244,_RNCNvNtCscuPEeCptxqI_9sloc_core8coverage20cobertura_scan_lines0B5_
FN:351,_RNCNvNtCscuPEeCptxqI_9sloc_core8coverage21parse_jacoco_counters0B5_
FN:354,_RNCNvNtCscuPEeCptxqI_9sloc_core8coverage21parse_jacoco_counterss_0B5_
FN:286,_RNCNvNtCscuPEeCptxqI_9sloc_core8coverage22cobertura_scan_methods0B5_
FN:151,_RNCNvNtCscuPEeCptxqI_9sloc_core8coverage23aggregate_line_coverage0B5_
FN:155,_RNCNvNtCscuPEeCptxqI_9sloc_core8coverage23aggregate_line_coverages_0B5_
FN:35,_RNvMNtCscuPEeCptxqI_9sloc_core8coverageNtB2_12FileCoverage10branch_pct
FN:26,_RNvMNtCscuPEeCptxqI_9sloc_core8coverageNtB2_12FileCoverage12function_pct
FN:17,_RNvMNtCscuPEeCptxqI_9sloc_core8coverageNtB2_12FileCoverage8line_pct
FN:49,_RNvNtCscuPEeCptxqI_9sloc_core8coverage10parse_lcov
FN:434,_RNvNtCscuPEeCptxqI_9sloc_core8coverage12extract_attr
FN:300,_RNvNtCscuPEeCptxqI_9sloc_core8coverage12parse_jacoco
FN:387,_RNvNtCscuPEeCptxqI_9sloc_core8coverage14parse_istanbul
FN:111,_RNvNtCscuPEeCptxqI_9sloc_core8coverage15lookup_coverage
FN:202,_RNvNtCscuPEeCptxqI_9sloc_core8coverage15parse_cobertura
FN:164,_RNvNtCscuPEeCptxqI_9sloc_core8coverage19parse_coverage_auto
FN:235,_RNvNtCscuPEeCptxqI_9sloc_core8coverage20cobertura_scan_lines
FN:317,_RNvNtCscuPEeCptxqI_9sloc_core8coverage20parse_jacoco_package
FN:339,_RNvNtCscuPEeCptxqI_9sloc_core8coverage21parse_jacoco_counters
FN:451,_RNvNtCscuPEeCptxqI_9sloc_core8coverage21resolve_coverage_file
FN:278,_RNvNtCscuPEeCptxqI_9sloc_core8coverage22cobertura_scan_methods
FN:150,_RNvNtCscuPEeCptxqI_9sloc_core8coverage23aggregate_line_coverage
FN:257,_RNvNtCscuPEeCptxqI_9sloc_core8coverage31parse_cobertura_branch_fraction
FNDA:7,_RNCNvNtCsj1xTXLBDV82_9sloc_core8coverage19parse_coverage_auto0B5_
FNDA:12,_RNCNvNtCsj1xTXLBDV82_9sloc_core8coverage20cobertura_scan_lines0B5_
FNDA:12,_RNCNvNtCsj1xTXLBDV82_9sloc_core8coverage21parse_jacoco_counters0B5_
FNDA:12,_RNCNvNtCsj1xTXLBDV82_9sloc_core8coverage21parse_jacoco_counterss_0B5_
FNDA:2,_RNCNvNtCsj1xTXLBDV82_9sloc_core8coverage22cobertura_scan_methods0B5_
FNDA:5,_RNCNvNtCsj1xTXLBDV82_9sloc_core8coverage23aggregate_line_coverage0B5_
FNDA:5,_RNCNvNtCsj1xTXLBDV82_9sloc_core8coverage23aggregate_line_coverages_0B5_
FNDA:3,_RNvMNtCsj1xTXLBDV82_9sloc_core8coverageNtB2_12FileCoverage10branch_pct
FNDA:34,_RNvMNtCsj1xTXLBDV82_9sloc_core8coverageNtB2_12FileCoverage12function_pct
FNDA:35,_RNvMNtCsj1xTXLBDV82_9sloc_core8coverageNtB2_12FileCoverage8line_pct
FNDA:11,_RNvNtCsj1xTXLBDV82_9sloc_core8coverage10parse_lcov
FNDA:84,_RNvNtCsj1xTXLBDV82_9sloc_core8coverage12extract_attr
FNDA:5,_RNvNtCsj1xTXLBDV82_9sloc_core8coverage12parse_jacoco
FNDA:5,_RNvNtCsj1xTXLBDV82_9sloc_core8coverage14parse_istanbul
FNDA:10,_RNvNtCsj1xTXLBDV82_9sloc_core8coverage15lookup_coverage
FNDA:6,_RNvNtCsj1xTXLBDV82_9sloc_core8coverage15parse_cobertura
FNDA:7,_RNvNtCsj1xTXLBDV82_9sloc_core8coverage19parse_coverage_auto
FNDA:6,_RNvNtCsj1xTXLBDV82_9sloc_core8coverage20cobertura_scan_lines
FNDA:5,_RNvNtCsj1xTXLBDV82_9sloc_core8coverage20parse_jacoco_package
FNDA:6,_RNvNtCsj1xTXLBDV82_9sloc_core8coverage21parse_jacoco_counters
FNDA:45,_RNvNtCsj1xTXLBDV82_9sloc_core8coverage21resolve_coverage_file
FNDA:6,_RNvNtCsj1xTXLBDV82_9sloc_core8coverage22cobertura_scan_methods
FNDA:5,_RNvNtCsj1xTXLBDV82_9sloc_core8coverage23aggregate_line_coverage
FNDA:5,_RNvNtCsj1xTXLBDV82_9sloc_core8coverage31parse_cobertura_branch_fraction
FNDA:0,_RNCNvNtCscuPEeCptxqI_9sloc_core8coverage19parse_coverage_auto0B5_
FNDA:0,_RNCNvNtCscuPEeCptxqI_9sloc_core8coverage20cobertura_scan_lines0B5_
FNDA:0,_RNCNvNtCscuPEeCptxqI_9sloc_core8coverage21parse_jacoco_counters0B5_
FNDA:0,_RNCNvNtCscuPEeCptxqI_9sloc_core8coverage21parse_jacoco_counterss_0B5_
FNDA:0,_RNCNvNtCscuPEeCptxqI_9sloc_core8coverage22cobertura_scan_methods0B5_
FNDA:0,_RNCNvNtCscuPEeCptxqI_9sloc_core8coverage23aggregate_line_coverage0B5_
FNDA:0,_RNCNvNtCscuPEeCptxqI_9sloc_core8coverage23aggregate_line_coverages_0B5_
FNDA:0,_RNvMNtCscuPEeCptxqI_9sloc_core8coverageNtB2_12FileCoverage10branch_pct
FNDA:0,_RNvMNtCscuPEeCptxqI_9sloc_core8coverageNtB2_12FileCoverage12function_pct
FNDA:0,_RNvMNtCscuPEeCptxqI_9sloc_core8coverageNtB2_12FileCoverage8line_pct
FNDA:0,_RNvNtCscuPEeCptxqI_9sloc_core8coverage10parse_lcov
FNDA:0,_RNvNtCscuPEeCptxqI_9sloc_core8coverage12extract_attr
FNDA:0,_RNvNtCscuPEeCptxqI_9sloc_core8coverage12parse_jacoco
FNDA:0,_RNvNtCscuPEeCptxqI_9sloc_core8coverage14parse_istanbul
FNDA:0,_RNvNtCscuPEeCptxqI_9sloc_core8coverage15lookup_coverage
FNDA:0,_RNvNtCscuPEeCptxqI_9sloc_core8coverage15parse_cobertura
FNDA:0,_RNvNtCscuPEeCptxqI_9sloc_core8coverage19parse_coverage_auto
FNDA:0,_RNvNtCscuPEeCptxqI_9sloc_core8coverage20cobertura_scan_lines
FNDA:0,_RNvNtCscuPEeCptxqI_9sloc_core8coverage20parse_jacoco_package
FNDA:0,_RNvNtCscuPEeCptxqI_9sloc_core8coverage21parse_jacoco_counters
FNDA:0,_RNvNtCscuPEeCptxqI_9sloc_core8coverage21resolve_coverage_file
FNDA:0,_RNvNtCscuPEeCptxqI_9sloc_core8coverage22cobertura_scan_methods
FNDA:0,_RNvNtCscuPEeCptxqI_9sloc_core8coverage23aggregate_line_coverage
FNDA:0,_RNvNtCscuPEeCptxqI_9sloc_core8coverage31parse_cobertura_branch_fraction
FNF:24
FNH:24
DA:17,35
DA:18,35
DA:19,1
DA:21,34
DA:23,35
DA:26,34
DA:27,34
DA:28,1
DA:30,33
DA:32,34
DA:35,3
DA:36,3
DA:37,1
DA:39,2
DA:41,3
DA:49,11
DA:50,11
DA:52,11
DA:53,11
DA:54,11
DA:55,11
DA:56,11
DA:57,11
DA:58,11
DA:60,109
DA:61,109
DA:62,109
DA:63,11
DA:64,11
DA:65,11
DA:66,11
DA:67,11
DA:68,11
DA:69,11
DA:70,98
DA:71,11
DA:72,11
DA:73,11
DA:74,11
DA:75,11
DA:76,11
DA:77,11
DA:78,11
DA:79,11
DA:80,11
DA:81,11
DA:82,11
DA:83,11
DA:84,87
DA:85,11
DA:86,76
DA:87,11
DA:88,65
DA:89,10
DA:90,55
DA:91,10
DA:92,45
DA:93,10
DA:94,35
DA:95,10
DA:96,25
DA:99,11
DA:100,11
DA:111,10
DA:112,10
DA:113,10
DA:114,10
DA:115,10
DA:118,10
DA:119,3
DA:120,7
DA:123,7
DA:124,7
DA:125,7
DA:126,7
DA:127,6
DA:129,3
DA:130,3
DA:131,4
DA:135,4
DA:136,4
DA:137,4
DA:138,0
DA:139,0
DA:140,4
DA:143,4
DA:144,4
DA:145,10
DA:150,5
DA:151,5
DA:152,5
DA:153,2
DA:154,3
DA:155,5
DA:158,3
DA:159,5
DA:164,7
DA:165,7
DA:166,7
DA:167,7
DA:168,7
DA:169,7
DA:170,7
DA:171,7
DA:172,3
DA:173,3
DA:174,1
DA:175,1
DA:176,2
DA:177,1
DA:178,1
DA:180,1
DA:181,1
DA:184,4
DA:185,1
DA:186,1
DA:189,3
DA:190,3
DA:193,7
DA:194,7
DA:195,7
DA:202,6
DA:203,6
DA:204,6
DA:205,12
DA:206,6
DA:207,6
DA:208,0
DA:210,6
DA:211,6
DA:212,6
DA:213,6
DA:214,6
DA:215,6
DA:216,6
DA:217,6
DA:218,6
DA:219,6
DA:220,6
DA:221,6
DA:222,6
DA:223,6
DA:224,6
DA:225,6
DA:226,6
DA:227,6
DA:228,6
DA:229,6
DA:231,6
DA:232,6
DA:235,6
DA:236,6
DA:237,6
DA:238,6
DA:239,6
DA:240,6
DA:241,18
DA:242,12
DA:243,12
DA:244,12
DA:245,8
DA:246,8
DA:247,12
DA:248,5
DA:249,5
DA:250,5
DA:251,7
DA:253,6
DA:254,6
DA:257,5
DA:258,5
DA:259,0
DA:261,5
DA:262,0
DA:264,5
DA:265,5
DA:266,0
DA:268,5
DA:269,5
DA:270,5
DA:271,5
DA:272,5
DA:273,5
DA:274,5
DA:275,5
DA:278,6
DA:279,6
DA:280,6
DA:281,6
DA:282,8
DA:283,2
DA:284,2
DA:285,2
DA:286,2
DA:287,2
DA:288,2
DA:289,1
DA:290,1
DA:292,6
DA:293,6
DA:300,5
DA:301,5
DA:302,5
DA:303,10
DA:304,5
DA:305,5
DA:306,5
DA:307,5
DA:308,5
DA:309,5
DA:310,5
DA:311,0
DA:314,5
DA:315,5
DA:317,5
DA:318,5
DA:319,5
DA:320,5
DA:321,5
DA:322,5
DA:323,11
DA:324,6
DA:325,6
DA:326,0
DA:328,6
DA:329,6
DA:330,6
DA:331,1
DA:333,5
DA:335,6
DA:337,5
DA:339,6
DA:340,6
DA:341,6
DA:342,6
DA:343,6
DA:344,6
DA:345,6
DA:346,6
DA:347,18
DA:348,12
DA:349,12
DA:350,12
DA:351,12
DA:352,12
DA:353,12
DA:354,12
DA:355,12
DA:356,12
DA:357,12
DA:358,6
DA:359,6
DA:360,6
DA:361,6
DA:362,2
DA:363,2
DA:364,2
DA:365,4
DA:366,2
DA:367,2
DA:368,2
DA:369,2
DA:372,6
DA:373,6
DA:374,6
DA:375,6
DA:376,6
DA:377,6
DA:378,6
DA:379,6
DA:380,6
DA:387,5
DA:388,5
DA:390,5
DA:391,1
DA:393,4
DA:394,0
DA:397,6
DA:399,6
DA:400,2
DA:401,4
DA:404,4
DA:406,4
DA:408,4
DA:410,4
DA:412,4
DA:414,4
DA:416,4
DA:417,4
DA:418,4
DA:419,4
DA:420,4
DA:421,4
DA:422,4
DA:423,4
DA:424,4
DA:425,4
DA:429,4
DA:430,5
DA:434,84
DA:435,84
DA:436,84
DA:437,77
DA:438,77
DA:439,77
DA:440,77
DA:441,77
DA:442,77
DA:444,0
DA:446,84
DA:451,45
DA:452,45
DA:453,0
DA:454,0
DA:455,0
DA:456,45
DA:457,45
DA:458,45
BRF:0
BRH:0
LF:325
LH:312
end_of_record
SF:C:\Users\n1mz\Desktop\oxide-sloc\crates\sloc-core\src\delta.rs
FN:406,_RNCNCNCNvNtCsj1xTXLBDV82_9sloc_core5delta19compute_multi_deltas0_000B9_
FN:415,_RNCNCNCNvNtCsj1xTXLBDV82_9sloc_core5delta19compute_multi_deltas0_0s_0s_0B9_
FN:384,_RNCNCNvNtCsj1xTXLBDV82_9sloc_core5delta19compute_multi_delta00B7_
FN:404,_RNCNCNvNtCsj1xTXLBDV82_9sloc_core5delta19compute_multi_deltas0_00B7_
FN:412,_RNCNCNvNtCsj1xTXLBDV82_9sloc_core5delta19compute_multi_deltas0_0s_0B7_
FN:393,_RNCNCNvNtCsj1xTXLBDV82_9sloc_core5delta19compute_multi_deltas_00B7_
FN:345,_RNCNCNvNtCsj1xTXLBDV82_9sloc_core5delta20classify_file_status00B7_
FN:160,_RNCNvNtCsj1xTXLBDV82_9sloc_core5delta13compute_delta0B5_
FN:173,_RNCNvNtCsj1xTXLBDV82_9sloc_core5delta13compute_deltas0_0B5_
FN:183,_RNCNvNtCsj1xTXLBDV82_9sloc_core5delta13compute_deltas1_0B5_
FN:192,_RNCNvNtCsj1xTXLBDV82_9sloc_core5delta13compute_deltas2_0B5_
FN:208,_RNCNvNtCsj1xTXLBDV82_9sloc_core5delta13compute_deltas3_0B5_
FN:212,_RNCNvNtCsj1xTXLBDV82_9sloc_core5delta13compute_deltas4_0B5_
FN:216,_RNCNvNtCsj1xTXLBDV82_9sloc_core5delta13compute_deltas5_0B5_
FN:220,_RNCNvNtCsj1xTXLBDV82_9sloc_core5delta13compute_deltas6_0B5_
FN:166,_RNCNvNtCsj1xTXLBDV82_9sloc_core5delta13compute_deltas_0B5_
FN:384,_RNCNvNtCsj1xTXLBDV82_9sloc_core5delta19compute_multi_delta0B5_
FN:401,_RNCNvNtCsj1xTXLBDV82_9sloc_core5delta19compute_multi_deltas0_0B5_
FN:429,_RNCNvNtCsj1xTXLBDV82_9sloc_core5delta19compute_multi_deltas1_0B5_
FN:445,_RNCNvNtCsj1xTXLBDV82_9sloc_core5delta19compute_multi_deltas2_0B5_
FN:454,_RNCNvNtCsj1xTXLBDV82_9sloc_core5delta19compute_multi_deltas3_0B5_
FN:390,_RNCNvNtCsj1xTXLBDV82_9sloc_core5delta19compute_multi_deltas_0B5_
FN:345,_RNCNvNtCsj1xTXLBDV82_9sloc_core5delta20classify_file_status0B5_
FN:193,_RNvNCNvNtCsj1xTXLBDV82_9sloc_core5delta13compute_deltas2_05order
FN:430,_RNvNCNvNtCsj1xTXLBDV82_9sloc_core5delta19compute_multi_deltas1_012status_order
FN:105,_RNvNtCsj1xTXLBDV82_9sloc_core5delta11build_added
FN:125,_RNvNtCsj1xTXLBDV82_9sloc_core5delta13build_removed
FN:156,_RNvNtCsj1xTXLBDV82_9sloc_core5delta13compute_delta
FN:78,_RNvNtCsj1xTXLBDV82_9sloc_core5delta14build_modified
FN:357,_RNvNtCsj1xTXLBDV82_9sloc_core5delta14net_code_delta
FN:145,_RNvNtCsj1xTXLBDV82_9sloc_core5delta17coverage_line_pct
FN:375,_RNvNtCsj1xTXLBDV82_9sloc_core5delta19compute_multi_delta
FN:334,_RNvNtCsj1xTXLBDV82_9sloc_core5delta20classify_file_status
FN:319,_RNvNtCsj1xTXLBDV82_9sloc_core5delta22sequential_code_deltas
FN:406,_RNCNCNCNvNtCscuPEeCptxqI_9sloc_core5delta19compute_multi_deltas0_000B9_
FN:415,_RNCNCNCNvNtCscuPEeCptxqI_9sloc_core5delta19compute_multi_deltas0_0s_0s_0B9_
FN:384,_RNCNCNvNtCscuPEeCptxqI_9sloc_core5delta19compute_multi_delta00B7_
FN:404,_RNCNCNvNtCscuPEeCptxqI_9sloc_core5delta19compute_multi_deltas0_00B7_
FN:412,_RNCNCNvNtCscuPEeCptxqI_9sloc_core5delta19compute_multi_deltas0_0s_0B7_
FN:393,_RNCNCNvNtCscuPEeCptxqI_9sloc_core5delta19compute_multi_deltas_00B7_
FN:345,_RNCNCNvNtCscuPEeCptxqI_9sloc_core5delta20classify_file_status00B7_
FN:160,_RNCNvNtCscuPEeCptxqI_9sloc_core5delta13compute_delta0B5_
FN:173,_RNCNvNtCscuPEeCptxqI_9sloc_core5delta13compute_deltas0_0B5_
FN:183,_RNCNvNtCscuPEeCptxqI_9sloc_core5delta13compute_deltas1_0B5_
FN:192,_RNCNvNtCscuPEeCptxqI_9sloc_core5delta13compute_deltas2_0B5_
FN:208,_RNCNvNtCscuPEeCptxqI_9sloc_core5delta13compute_deltas3_0B5_
FN:212,_RNCNvNtCscuPEeCptxqI_9sloc_core5delta13compute_deltas4_0B5_
FN:216,_RNCNvNtCscuPEeCptxqI_9sloc_core5delta13compute_deltas5_0B5_
FN:220,_RNCNvNtCscuPEeCptxqI_9sloc_core5delta13compute_deltas6_0B5_
FN:166,_RNCNvNtCscuPEeCptxqI_9sloc_core5delta13compute_deltas_0B5_
FN:384,_RNCNvNtCscuPEeCptxqI_9sloc_core5delta19compute_multi_delta0B5_
FN:401,_RNCNvNtCscuPEeCptxqI_9sloc_core5delta19compute_multi_deltas0_0B5_
FN:429,_RNCNvNtCscuPEeCptxqI_9sloc_core5delta19compute_multi_deltas1_0B5_
FN:445,_RNCNvNtCscuPEeCptxqI_9sloc_core5delta19compute_multi_deltas2_0B5_
FN:454,_RNCNvNtCscuPEeCptxqI_9sloc_core5delta19compute_multi_deltas3_0B5_
FN:390,_RNCNvNtCscuPEeCptxqI_9sloc_core5delta19compute_multi_deltas_0B5_
FN:345,_RNCNvNtCscuPEeCptxqI_9sloc_core5delta20classify_file_status0B5_
FN:193,_RNvNCNvNtCscuPEeCptxqI_9sloc_core5delta13compute_deltas2_05order
FN:430,_RNvNCNvNtCscuPEeCptxqI_9sloc_core5delta19compute_multi_deltas1_012status_order
FN:105,_RNvNtCscuPEeCptxqI_9sloc_core5delta11build_added
FN:125,_RNvNtCscuPEeCptxqI_9sloc_core5delta13build_removed
FN:156,_RNvNtCscuPEeCptxqI_9sloc_core5delta13compute_delta
FN:78,_RNvNtCscuPEeCptxqI_9sloc_core5delta14build_modified
FN:357,_RNvNtCscuPEeCptxqI_9sloc_core5delta14net_code_delta
FN:145,_RNvNtCscuPEeCptxqI_9sloc_core5delta17coverage_line_pct
FN:375,_RNvNtCscuPEeCptxqI_9sloc_core5delta19compute_multi_delta
FN:334,_RNvNtCscuPEeCptxqI_9sloc_core5delta20classify_file_status
FN:319,_RNvNtCscuPEeCptxqI_9sloc_core5delta22sequential_code_deltas
FNDA:14,_RNCNCNCNvNtCsj1xTXLBDV82_9sloc_core5delta19compute_multi_deltas0_000B9_
FNDA:7,_RNCNCNCNvNtCsj1xTXLBDV82_9sloc_core5delta19compute_multi_deltas0_0s_0s_0B9_
FNDA:14,_RNCNCNvNtCsj1xTXLBDV82_9sloc_core5delta19compute_multi_delta00B7_
FNDA:17,_RNCNCNvNtCsj1xTXLBDV82_9sloc_core5delta19compute_multi_deltas0_00B7_
FNDA:10,_RNCNCNvNtCsj1xTXLBDV82_9sloc_core5delta19compute_multi_deltas0_0s_0B7_
FNDA:14,_RNCNCNvNtCsj1xTXLBDV82_9sloc_core5delta19compute_multi_deltas_00B7_
FNDA:10,_RNCNCNvNtCsj1xTXLBDV82_9sloc_core5delta20classify_file_status00B7_
FNDA:26,_RNCNvNtCsj1xTXLBDV82_9sloc_core5delta13compute_delta0B5_
FNDA:34,_RNCNvNtCsj1xTXLBDV82_9sloc_core5delta13compute_deltas0_0B5_
FNDA:3,_RNCNvNtCsj1xTXLBDV82_9sloc_core5delta13compute_deltas1_0B5_
FNDA:15,_RNCNvNtCsj1xTXLBDV82_9sloc_core5delta13compute_deltas2_0B5_
FNDA:37,_RNCNvNtCsj1xTXLBDV82_9sloc_core5delta13compute_deltas3_0B5_
FNDA:37,_RNCNvNtCsj1xTXLBDV82_9sloc_core5delta13compute_deltas4_0B5_
FNDA:37,_RNCNvNtCsj1xTXLBDV82_9sloc_core5delta13compute_deltas5_0B5_
FNDA:37,_RNCNvNtCsj1xTXLBDV82_9sloc_core5delta13compute_deltas6_0B5_
FNDA:34,_RNCNvNtCsj1xTXLBDV82_9sloc_core5delta13compute_deltas_0B5_
FNDA:17,_RNCNvNtCsj1xTXLBDV82_9sloc_core5delta19compute_multi_delta0B5_
FNDA:7,_RNCNvNtCsj1xTXLBDV82_9sloc_core5delta19compute_multi_deltas0_0B5_
FNDA:2,_RNCNvNtCsj1xTXLBDV82_9sloc_core5delta19compute_multi_deltas1_0B5_
FNDA:9,_RNCNvNtCsj1xTXLBDV82_9sloc_core5delta19compute_multi_deltas2_0B5_
FNDA:17,_RNCNvNtCsj1xTXLBDV82_9sloc_core5delta19compute_multi_deltas3_0B5_
FNDA:17,_RNCNvNtCsj1xTXLBDV82_9sloc_core5delta19compute_multi_deltas_0B5_
FNDA:10,_RNCNvNtCsj1xTXLBDV82_9sloc_core5delta20classify_file_status0B5_
FNDA:30,_RNvNCNvNtCsj1xTXLBDV82_9sloc_core5delta13compute_deltas2_05order
FNDA:4,_RNvNCNvNtCsj1xTXLBDV82_9sloc_core5delta19compute_multi_deltas1_012status_order
FNDA:11,_RNvNtCsj1xTXLBDV82_9sloc_core5delta11build_added
FNDA:3,_RNvNtCsj1xTXLBDV82_9sloc_core5delta13build_removed
FNDA:36,_RNvNtCsj1xTXLBDV82_9sloc_core5delta13compute_delta
FNDA:23,_RNvNtCsj1xTXLBDV82_9sloc_core5delta14build_modified
FNDA:7,_RNvNtCsj1xTXLBDV82_9sloc_core5delta14net_code_delta
FNDA:72,_RNvNtCsj1xTXLBDV82_9sloc_core5delta17coverage_line_pct
FNDA:8,_RNvNtCsj1xTXLBDV82_9sloc_core5delta19compute_multi_delta
FNDA:7,_RNvNtCsj1xTXLBDV82_9sloc_core5delta20classify_file_status
FNDA:7,_RNvNtCsj1xTXLBDV82_9sloc_core5delta22sequential_code_deltas
FNDA:0,_RNCNCNCNvNtCscuPEeCptxqI_9sloc_core5delta19compute_multi_deltas0_000B9_
FNDA:0,_RNCNCNCNvNtCscuPEeCptxqI_9sloc_core5delta19compute_multi_deltas0_0s_0s_0B9_
FNDA:0,_RNCNCNvNtCscuPEeCptxqI_9sloc_core5delta19compute_multi_delta00B7_
FNDA:0,_RNCNCNvNtCscuPEeCptxqI_9sloc_core5delta19compute_multi_deltas0_00B7_
FNDA:0,_RNCNCNvNtCscuPEeCptxqI_9sloc_core5delta19compute_multi_deltas0_0s_0B7_
FNDA:0,_RNCNCNvNtCscuPEeCptxqI_9sloc_core5delta19compute_multi_deltas_00B7_
FNDA:0,_RNCNCNvNtCscuPEeCptxqI_9sloc_core5delta20classify_file_status00B7_
FNDA:0,_RNCNvNtCscuPEeCptxqI_9sloc_core5delta13compute_delta0B5_
FNDA:0,_RNCNvNtCscuPEeCptxqI_9sloc_core5delta13compute_deltas0_0B5_
FNDA:0,_RNCNvNtCscuPEeCptxqI_9sloc_core5delta13compute_deltas1_0B5_
FNDA:0,_RNCNvNtCscuPEeCptxqI_9sloc_core5delta13compute_deltas2_0B5_
FNDA:0,_RNCNvNtCscuPEeCptxqI_9sloc_core5delta13compute_deltas3_0B5_
FNDA:0,_RNCNvNtCscuPEeCptxqI_9sloc_core5delta13compute_deltas4_0B5_
FNDA:0,_RNCNvNtCscuPEeCptxqI_9sloc_core5delta13compute_deltas5_0B5_
FNDA:0,_RNCNvNtCscuPEeCptxqI_9sloc_core5delta13compute_deltas6_0B5_
FNDA:0,_RNCNvNtCscuPEeCptxqI_9sloc_core5delta13compute_deltas_0B5_
FNDA:0,_RNCNvNtCscuPEeCptxqI_9sloc_core5delta19compute_multi_delta0B5_
FNDA:0,_RNCNvNtCscuPEeCptxqI_9sloc_core5delta19compute_multi_deltas0_0B5_
FNDA:0,_RNCNvNtCscuPEeCptxqI_9sloc_core5delta19compute_multi_deltas1_0B5_
FNDA:0,_RNCNvNtCscuPEeCptxqI_9sloc_core5delta19compute_multi_deltas2_0B5_
FNDA:0,_RNCNvNtCscuPEeCptxqI_9sloc_core5delta19compute_multi_deltas3_0B5_
FNDA:0,_RNCNvNtCscuPEeCptxqI_9sloc_core5delta19compute_multi_deltas_0B5_
FNDA:0,_RNCNvNtCscuPEeCptxqI_9sloc_core5delta20classify_file_status0B5_
FNDA:0,_RNvNCNvNtCscuPEeCptxqI_9sloc_core5delta13compute_deltas2_05order
FNDA:0,_RNvNCNvNtCscuPEeCptxqI_9sloc_core5delta19compute_multi_deltas1_012status_order
FNDA:0,_RNvNtCscuPEeCptxqI_9sloc_core5delta11build_added
FNDA:0,_RNvNtCscuPEeCptxqI_9sloc_core5delta13build_removed
FNDA:0,_RNvNtCscuPEeCptxqI_9sloc_core5delta13compute_delta
FNDA:0,_RNvNtCscuPEeCptxqI_9sloc_core5delta14build_modified
FNDA:0,_RNvNtCscuPEeCptxqI_9sloc_core5delta14net_code_delta
FNDA:0,_RNvNtCscuPEeCptxqI_9sloc_core5delta17coverage_line_pct
FNDA:0,_RNvNtCscuPEeCptxqI_9sloc_core5delta19compute_multi_delta
FNDA:0,_RNvNtCscuPEeCptxqI_9sloc_core5delta20classify_file_status
FNDA:0,_RNvNtCscuPEeCptxqI_9sloc_core5delta22sequential_code_deltas
FNF:34
FNH:34
DA:78,23
DA:79,23
DA:80,23
DA:81,23
DA:82,23
DA:83,23
DA:84,8
DA:86,15
DA:88,23
DA:89,23
DA:90,23
DA:91,23
DA:92,23
DA:93,23
DA:94,23
DA:95,23
DA:96,23
DA:97,23
DA:98,23
DA:99,23
DA:100,23
DA:101,23
DA:102,23
DA:103,23
DA:105,11
DA:106,11
DA:107,11
DA:108,11
DA:109,11
DA:110,11
DA:111,11
DA:112,11
DA:113,11
DA:114,11
DA:115,11
DA:116,11
DA:117,11
DA:118,11
DA:119,11
DA:120,11
DA:121,11
DA:122,11
DA:123,11
DA:125,3
DA:126,3
DA:127,3
DA:128,3
DA:129,3
DA:130,3
DA:131,3
DA:132,3
DA:133,3
DA:134,3
DA:135,3
DA:136,3
DA:137,3
DA:138,3
DA:139,3
DA:140,3
DA:141,3
DA:142,3
DA:145,72
DA:146,72
DA:147,60
DA:149,12
DA:150,12
DA:152,72
DA:156,36
DA:157,36
DA:158,36
DA:159,36
DA:160,36
DA:161,36
DA:163,36
DA:164,36
DA:165,36
DA:166,36
DA:167,36
DA:169,36
DA:171,36
DA:172,34
DA:173,34
DA:174,34
DA:175,23
DA:176,23
DA:177,11
DA:178,11
DA:181,36
DA:182,26
DA:183,3
DA:184,3
DA:185,3
DA:186,3
DA:187,3
DA:189,23
DA:192,36
DA:193,30
DA:194,30
DA:195,9
DA:196,19
DA:197,2
DA:198,0
DA:200,30
DA:201,15
DA:202,15
DA:203,15
DA:204,15
DA:206,36
DA:207,36
DA:208,37
DA:209,36
DA:210,36
DA:211,36
DA:212,37
DA:213,36
DA:214,36
DA:215,36
DA:216,37
DA:217,36
DA:218,36
DA:219,36
DA:220,37
DA:221,36
DA:223,36
DA:224,36
DA:226,36
DA:227,36
DA:228,36
DA:229,9
DA:231,27
DA:233,36
DA:234,3
DA:235,4
DA:236,29
DA:239,36
DA:240,36
DA:241,36
DA:242,36
DA:243,36
DA:244,36
DA:245,36
DA:246,36
DA:247,36
DA:248,36
DA:249,36
DA:250,36
DA:251,36
DA:252,36
DA:253,36
DA:254,36
DA:255,36
DA:256,36
DA:257,36
DA:258,36
DA:259,36
DA:260,36
DA:261,36
DA:262,36
DA:263,36
DA:264,36
DA:265,36
DA:266,36
DA:267,36
DA:268,36
DA:269,36
DA:270,36
DA:319,7
DA:320,7
DA:321,10
DA:322,10
DA:323,9
DA:324,9
DA:325,9
DA:326,9
DA:327,1
DA:328,1
DA:330,7
DA:331,7
DA:334,7
DA:335,7
DA:336,7
DA:337,7
DA:338,7
DA:339,7
DA:340,5
DA:341,5
DA:342,5
DA:343,5
DA:344,5
DA:345,10
DA:347,2
DA:349,3
DA:352,0
DA:354,7
DA:357,7
DA:358,7
DA:359,7
DA:360,7
DA:361,7
DA:362,0
DA:364,7
DA:375,8
DA:376,8
DA:377,8
DA:382,8
DA:383,8
DA:384,17
DA:385,8
DA:388,8
DA:389,8
DA:390,17
DA:391,17
DA:392,17
DA:393,17
DA:394,17
DA:395,17
DA:396,8
DA:399,8
DA:400,8
DA:401,8
DA:402,7
DA:403,7
DA:404,17
DA:405,17
DA:406,17
DA:407,17
DA:408,7
DA:409,7
DA:410,7
DA:411,7
DA:412,10
DA:413,10
DA:414,10
DA:415,10
DA:416,10
DA:417,7
DA:418,7
DA:419,7
DA:420,7
DA:421,7
DA:422,7
DA:423,7
DA:424,7
DA:425,7
DA:426,8
DA:429,8
DA:430,4
DA:431,4
DA:432,4
DA:433,3
DA:434,0
DA:435,0
DA:437,4
DA:438,2
DA:439,2
DA:440,2
DA:441,2
DA:444,8
DA:445,9
DA:446,8
DA:449,8
DA:452,8
DA:453,8
DA:454,17
DA:455,17
DA:456,17
DA:457,1
DA:458,1
DA:459,1
DA:460,1
DA:461,1
DA:463,16
DA:465,17
DA:466,17
DA:467,17
DA:468,17
DA:469,17
DA:470,17
DA:471,17
DA:472,17
DA:473,17
DA:474,17
DA:475,17
DA:476,17
DA:477,17
DA:478,17
DA:479,17
DA:480,8
DA:482,8
DA:483,8
DA:484,8
DA:485,8
DA:486,8
DA:487,8
DA:488,8
BRF:0
BRH:0
LF:318
LH:313
end_of_record
SF:C:\Users\n1mz\Desktop\oxide-sloc\crates\sloc-core\src\history.rs
FN:170,_RNCNCNvMs_NtCsj1xTXLBDV82_9sloc_core7historyNtB8_12ScanRegistry11prune_stale00Ba_
FN:92,_RNCNvMNtCsj1xTXLBDV82_9sloc_core7historyNtB4_16WatchedDirsStore4load0B6_
FN:114,_RNCNvMNtCsj1xTXLBDV82_9sloc_core7historyNtB4_16WatchedDirsStore6remove0B6_
FN:211,_RNCNvMs0_NtCsj1xTXLBDV82_9sloc_core7historyNtB7_18CleanupPolicyStore4load0B9_
FN:170,_RNCNvMs_NtCsj1xTXLBDV82_9sloc_core7historyNtB6_12ScanRegistry11prune_stale0B8_
FN:164,_RNCNvMs_NtCsj1xTXLBDV82_9sloc_core7historyNtB6_12ScanRegistry14find_by_run_id0B8_
FN:158,_RNCNvMs_NtCsj1xTXLBDV82_9sloc_core7historyNtB6_12ScanRegistry17entries_for_roots0B8_
FN:131,_RNCNvMs_NtCsj1xTXLBDV82_9sloc_core7historyNtB6_12ScanRegistry4load0B8_
FN:148,_RNCNvMs_NtCsj1xTXLBDV82_9sloc_core7historyNtB6_12ScanRegistry9add_entry0B8_
FN:150,_RNCNvMs_NtCsj1xTXLBDV82_9sloc_core7historyNtB6_12ScanRegistry9add_entrys_0B8_
FN:107,_RNvMNtCsj1xTXLBDV82_9sloc_core7historyNtB2_16WatchedDirsStore3add
FN:89,_RNvMNtCsj1xTXLBDV82_9sloc_core7historyNtB2_16WatchedDirsStore4load
FN:99,_RNvMNtCsj1xTXLBDV82_9sloc_core7historyNtB2_16WatchedDirsStore4save
FN:113,_RNvMNtCsj1xTXLBDV82_9sloc_core7historyNtB2_16WatchedDirsStore6remove
FN:208,_RNvMs0_NtCsj1xTXLBDV82_9sloc_core7historyNtB5_18CleanupPolicyStore4load
FN:218,_RNvMs0_NtCsj1xTXLBDV82_9sloc_core7historyNtB5_18CleanupPolicyStore4save
FN:168,_RNvMs_NtCsj1xTXLBDV82_9sloc_core7historyNtB4_12ScanRegistry11prune_stale
FN:163,_RNvMs_NtCsj1xTXLBDV82_9sloc_core7historyNtB4_12ScanRegistry14find_by_run_id
FN:155,_RNvMs_NtCsj1xTXLBDV82_9sloc_core7historyNtB4_12ScanRegistry17entries_for_roots
FN:128,_RNvMs_NtCsj1xTXLBDV82_9sloc_core7historyNtB4_12ScanRegistry4load
FN:138,_RNvMs_NtCsj1xTXLBDV82_9sloc_core7historyNtB4_12ScanRegistry4save
FN:147,_RNvMs_NtCsj1xTXLBDV82_9sloc_core7historyNtB4_12ScanRegistry9add_entry
FN:174,_RNvNtCsj1xTXLBDV82_9sloc_core7history22default_interval_hours
FN:170,_RNCNCNvMs_NtCscuPEeCptxqI_9sloc_core7historyNtB8_12ScanRegistry11prune_stale00Ba_
FN:92,_RNCNvMNtCscuPEeCptxqI_9sloc_core7historyNtB4_16WatchedDirsStore4load0B6_
FN:114,_RNCNvMNtCscuPEeCptxqI_9sloc_core7historyNtB4_16WatchedDirsStore6remove0B6_
FN:211,_RNCNvMs0_NtCscuPEeCptxqI_9sloc_core7historyNtB7_18CleanupPolicyStore4load0B9_
FN:170,_RNCNvMs_NtCscuPEeCptxqI_9sloc_core7historyNtB6_12ScanRegistry11prune_stale0B8_
FN:164,_RNCNvMs_NtCscuPEeCptxqI_9sloc_core7historyNtB6_12ScanRegistry14find_by_run_id0B8_
FN:158,_RNCNvMs_NtCscuPEeCptxqI_9sloc_core7historyNtB6_12ScanRegistry17entries_for_roots0B8_
FN:131,_RNCNvMs_NtCscuPEeCptxqI_9sloc_core7historyNtB6_12ScanRegistry4load0B8_
FN:148,_RNCNvMs_NtCscuPEeCptxqI_9sloc_core7historyNtB6_12ScanRegistry9add_entry0B8_
FN:150,_RNCNvMs_NtCscuPEeCptxqI_9sloc_core7historyNtB6_12ScanRegistry9add_entrys_0B8_
FN:107,_RNvMNtCscuPEeCptxqI_9sloc_core7historyNtB2_16WatchedDirsStore3add
FN:89,_RNvMNtCscuPEeCptxqI_9sloc_core7historyNtB2_16WatchedDirsStore4load
FN:99,_RNvMNtCscuPEeCptxqI_9sloc_core7historyNtB2_16WatchedDirsStore4save
FN:113,_RNvMNtCscuPEeCptxqI_9sloc_core7historyNtB2_16WatchedDirsStore6remove
FN:208,_RNvMs0_NtCscuPEeCptxqI_9sloc_core7historyNtB5_18CleanupPolicyStore4load
FN:218,_RNvMs0_NtCscuPEeCptxqI_9sloc_core7historyNtB5_18CleanupPolicyStore4save
FN:168,_RNvMs_NtCscuPEeCptxqI_9sloc_core7historyNtB4_12ScanRegistry11prune_stale
FN:163,_RNvMs_NtCscuPEeCptxqI_9sloc_core7historyNtB4_12ScanRegistry14find_by_run_id
FN:155,_RNvMs_NtCscuPEeCptxqI_9sloc_core7historyNtB4_12ScanRegistry17entries_for_roots
FN:128,_RNvMs_NtCscuPEeCptxqI_9sloc_core7historyNtB4_12ScanRegistry4load
FN:138,_RNvMs_NtCscuPEeCptxqI_9sloc_core7historyNtB4_12ScanRegistry4save
FN:147,_RNvMs_NtCscuPEeCptxqI_9sloc_core7historyNtB4_12ScanRegistry9add_entry
FN:174,_RNvNtCscuPEeCptxqI_9sloc_core7history22default_interval_hours
FNDA:0,_RNCNCNvMs_NtCsj1xTXLBDV82_9sloc_core7historyNtB8_12ScanRegistry11prune_stale00Ba_
FNDA:1,_RNCNvMNtCsj1xTXLBDV82_9sloc_core7historyNtB4_16WatchedDirsStore4load0B6_
FNDA:3,_RNCNvMNtCsj1xTXLBDV82_9sloc_core7historyNtB4_16WatchedDirsStore6remove0B6_
FNDA:1,_RNCNvMs0_NtCsj1xTXLBDV82_9sloc_core7historyNtB7_18CleanupPolicyStore4load0B9_
FNDA:0,_RNCNvMs_NtCsj1xTXLBDV82_9sloc_core7historyNtB6_12ScanRegistry11prune_stale0B8_
FNDA:102,_RNCNvMs_NtCsj1xTXLBDV82_9sloc_core7historyNtB6_12ScanRegistry14find_by_run_id0B8_
FNDA:2,_RNCNvMs_NtCsj1xTXLBDV82_9sloc_core7historyNtB6_12ScanRegistry17entries_for_roots0B8_
FNDA:4,_RNCNvMs_NtCsj1xTXLBDV82_9sloc_core7historyNtB6_12ScanRegistry4load0B8_
FNDA:148,_RNCNvMs_NtCsj1xTXLBDV82_9sloc_core7historyNtB6_12ScanRegistry9add_entry0B8_
FNDA:468,_RNCNvMs_NtCsj1xTXLBDV82_9sloc_core7historyNtB6_12ScanRegistry9add_entrys_0B8_
FNDA:11,_RNvMNtCsj1xTXLBDV82_9sloc_core7historyNtB2_16WatchedDirsStore3add
FNDA:1,_RNvMNtCsj1xTXLBDV82_9sloc_core7historyNtB2_16WatchedDirsStore4load
FNDA:9,_RNvMNtCsj1xTXLBDV82_9sloc_core7historyNtB2_16WatchedDirsStore4save
FNDA:4,_RNvMNtCsj1xTXLBDV82_9sloc_core7historyNtB2_16WatchedDirsStore6remove
FNDA:2,_RNvMs0_NtCsj1xTXLBDV82_9sloc_core7historyNtB5_18CleanupPolicyStore4load
FNDA:5,_RNvMs0_NtCsj1xTXLBDV82_9sloc_core7historyNtB5_18CleanupPolicyStore4save
FNDA:0,_RNvMs_NtCsj1xTXLBDV82_9sloc_core7historyNtB4_12ScanRegistry11prune_stale
[...]
DA:14822,5
DA:14823,5
DA:14824,5
DA:14825,614
DA:14826,614
DA:14827,614
DA:14828,614
DA:14829,297
DA:14830,297
DA:14832,317
DA:14834,614
DA:14836,5
DA:14837,1
DA:14838,4
DA:14839,5
DA:14841,5
DA:14842,6
DA:14874,1228
DA:14875,1228
DA:14876,594
DA:14877,2
DA:14878,130
DA:14879,502
DA:14881,1228
DA:14883,614
DA:14884,614
DA:14885,297
DA:14886,1
DA:14887,65
DA:14888,251
DA:14890,614
DA:14892,614
DA:14893,614
DA:14894,297
DA:14895,1
DA:14896,65
DA:14897,251
DA:14899,614
DA:14901,317
DA:14902,317
DA:14903,0
DA:14904,1
DA:14905,65
DA:14906,251
DA:14908,317
DA:14920,292
DA:14921,292
DA:14922,292
DA:14923,292
DA:14924,292
DA:14925,292
DA:14926,292
DA:14927,292
DA:14928,292
DA:14929,292
DA:14930,292
DA:14931,292
DA:14932,292
DA:14933,292
DA:14934,292
DA:14935,292
DA:14936,292
DA:14937,292
DA:14938,0
DA:14939,292
DA:14940,292
DA:14941,292
DA:14942,292
DA:14943,292
DA:14944,292
DA:14945,292
DA:14946,292
DA:14947,292
DA:14948,292
DA:14949,292
DA:14950,292
DA:14951,292
DA:14952,292
DA:14953,292
DA:14954,292
DA:14955,292
DA:14956,292
DA:14957,292
DA:14958,292
DA:14959,292
DA:14960,292
DA:14961,292
DA:14962,292
DA:14963,292
DA:14964,292
DA:14965,292
DA:14966,0
DA:14967,0
DA:14968,292
DA:14969,292
DA:14973,317
DA:14974,317
DA:14975,317
DA:14976,317
DA:14977,317
DA:14978,317
DA:14979,317
DA:14980,317
DA:14981,317
DA:14982,317
DA:14983,317
DA:14984,317
DA:14985,317
DA:14986,317
DA:14987,317
DA:14988,317
DA:14989,317
DA:14990,0
DA:14991,317
DA:14992,317
DA:14993,317
DA:14994,317
DA:14995,1
DA:14996,65
DA:14997,251
DA:14998,0
DA:15000,317
DA:15001,317
DA:15002,1
DA:15003,1
DA:15004,1
DA:15005,316
DA:15006,317
DA:15007,317
DA:15008,317
DA:15009,317
DA:15010,317
DA:15011,317
DA:15012,317
DA:15013,317
DA:15014,317
DA:15015,317
DA:15016,317
DA:15017,317
DA:15018,317
DA:15022,297
DA:15023,297
DA:15024,297
DA:15025,297
DA:15026,297
DA:15027,297
DA:15028,297
DA:15029,297
DA:15030,297
DA:15031,297
DA:15032,297
DA:15033,297
DA:15034,297
DA:15035,297
DA:15036,0
DA:15037,297
DA:15039,297
DA:15040,297
DA:15041,297
DA:15042,297
DA:15043,1946
DA:15045,612
DA:15046,612
DA:15047,3
DA:15048,609
DA:15050,609
DA:15051,609
DA:15052,609
DA:15053,0
DA:15055,609
DA:15056,609
DA:15057,609
DA:15058,609
DA:15059,609
DA:15060,609
DA:15062,609
DA:15063,292
DA:15064,292
DA:15065,292
DA:15066,292
DA:15067,292
DA:15068,292
DA:15069,292
DA:15070,292
DA:15071,292
DA:15072,292
DA:15073,292
DA:15074,292
DA:15075,292
DA:15076,292
DA:15077,292
DA:15078,0
DA:15079,292
DA:15080,317
DA:15082,317
DA:15083,317
DA:15084,317
DA:15085,317
DA:15086,317
DA:15087,317
DA:15088,317
DA:15089,317
DA:15090,317
DA:15091,317
DA:15092,317
DA:15093,317
DA:15094,317
DA:15095,317
DA:15096,317
DA:15097,317
DA:15098,317
DA:15101,297
DA:15102,297
DA:15104,317
DA:15105,317
DA:15106,1
DA:15107,316
DA:15108,316
DA:15109,316
DA:15110,316
DA:15111,316
DA:15112,316
DA:15113,316
DA:15115,65
DA:15116,0
DA:15117,65
DA:15118,65
DA:15119,65
DA:15120,65
DA:15122,65
DA:15124,0
DA:15128,251
DA:15129,0
DA:15131,251
DA:15134,0
DA:15135,0
DA:15137,317
DA:15139,617
DA:15141,617
DA:15142,616
DA:15143,1
DA:15145,616
DA:15146,616
DA:15147,616
DA:15148,616
DA:15149,616
DA:15150,616
DA:15151,617
DA:15154,619
DA:15155,619
DA:15156,619
DA:15157,619
DA:15158,619
DA:15159,619
DA:15160,619
DA:15161,619
DA:15162,619
DA:15163,619
DA:15164,619
DA:15165,619
DA:15166,619
DA:15171,325
DA:15172,325
DA:15173,325
DA:15174,2
DA:15175,323
DA:15176,323
DA:15177,1933
DA:15179,1
DA:15180,322
DA:15181,1
DA:15182,321
DA:15183,2
DA:15184,319
DA:15185,1
DA:15186,318
DA:15187,318
DA:15188,952
DA:15190,1
DA:15192,317
DA:15194,325
DA:15196,6
DA:15197,6
DA:15198,6
DA:15199,5
DA:15200,5
DA:15201,5
DA:15202,3
DA:15203,3
DA:15204,3
DA:15205,3
DA:15206,3
DA:15207,3
DA:15208,3
DA:15209,3
DA:15210,3
DA:15211,3
DA:15212,3
DA:15213,3
DA:15214,2
DA:15215,2
DA:15216,2
DA:15218,6
DA:15224,3
DA:15225,3
DA:15226,3
DA:15227,1
DA:15228,1
DA:15229,2
DA:15230,1
DA:15231,1
DA:15232,1
DA:15234,3
DA:15239,323
DA:15240,323
DA:15242,323
DA:15243,323
DA:15244,323
DA:15245,323
DA:15246,323
DA:15247,4501
DA:15249,323
DA:15250,3
DA:15251,320
DA:15252,319
DA:15253,319
DA:15254,300
DA:15255,300
DA:15256,300
DA:15257,300
DA:15258,299
DA:15259,252
DA:15260,252
DA:15261,252
DA:15262,252
DA:15264,68
DA:15266,252
DA:15268,323
DA:15270,612
DA:15271,612
DA:15272,612
DA:15273,612
DA:15274,612
DA:15275,612
DA:15276,612
DA:15277,612
DA:15278,612
DA:15280,296
DA:15281,296
DA:15282,1
DA:15283,295
DA:15285,295
DA:15286,3
DA:15287,1
DA:15288,1
DA:15289,3
DA:15290,296
DA:15292,321
DA:15293,321
DA:15294,321
DA:15295,321
DA:15296,321
DA:15297,321
DA:15298,1
DA:15299,320
DA:15301,320
DA:15302,1
DA:15303,1
DA:15304,1
DA:15305,320
DA:15306,320
DA:15307,320
DA:15309,320
DA:15310,321
DA:15312,15
DA:15313,15
DA:15314,15
DA:15315,15
DA:15316,15
DA:15317,15
DA:15318,15
DA:15319,15
DA:15320,15
DA:15322,90
DA:15323,81
DA:15324,40
DA:15325,40
DA:15326,41
DA:15327,13
DA:15328,7
DA:15329,7
DA:15330,6
DA:15331,6
DA:15332,35
DA:15333,29
DA:15334,29
DA:15335,29
DA:15336,29
DA:15337,6
DA:15341,9
DA:15342,0
DA:15343,0
DA:15345,9
DA:15346,15
DA:15348,5642
DA:15349,5642
DA:15350,5642
DA:15351,5642
DA:15352,5642
DA:15353,5642
DA:15354,5642
DA:15355,5642
DA:28945,54
DA:28946,54
DA:28947,54
DA:28948,54
DA:28949,54
DA:28950,54
DA:28951,54
DA:28952,54
DA:28953,54
DA:28954,54
DA:28955,54
DA:28956,54
DA:28957,54
DA:28958,54
DA:28959,54
DA:28960,54
DA:28961,54
DA:28962,54
DA:28963,54
DA:28964,54
DA:28965,54
DA:28966,54
DA:28967,54
DA:28968,54
DA:28969,54
DA:28970,54
DA:28971,54
DA:28972,54
DA:28973,54
DA:28974,54
DA:28975,54
DA:28977,51
DA:28978,51
DA:28979,51
DA:28980,51
DA:28981,51
DA:28986,1
DA:28988,1
DA:28989,1
DA:28990,1
DA:28993,1
DA:28996,1
DA:28998,1
DA:28999,1
DA:29000,1
DA:29001,1
DA:29002,1
DA:29005,1
DA:29007,1
DA:29008,1
DA:29009,1
DA:29010,1
DA:29015,1
DA:29016,1
DA:29017,1
DA:29018,1
DA:29021,1
DA:29024,1
DA:29025,1
DA:29026,1
DA:29027,1
DA:29028,1
DA:29031,1
DA:29033,1
DA:29034,1
DA:29035,1
DA:29036,1
DA:29039,1
DA:29044,1
DA:29045,1
DA:29046,1
DA:29047,1
DA:29048,1
DA:29051,1
DA:29052,1
DA:29053,1
DA:29054,1
DA:29055,1
DA:29058,1
DA:29060,1
DA:29061,1
DA:29064,1
DA:29069,1
DA:29070,1
DA:29071,1
DA:29072,1
DA:29073,1
DA:29076,1
DA:29077,1
DA:29078,1
DA:29079,1
DA:29080,1
DA:29083,1
DA:29084,1
DA:29085,1
DA:29090,1
DA:29091,1
DA:29092,1
DA:29093,1
DA:29094,1
DA:29097,1
DA:29098,1
DA:29099,1
DA:29100,1
DA:29101,1
DA:29104,1
DA:29105,1
DA:29106,1
DA:29111,1
DA:29113,1
DA:29114,1
DA:29117,1
DA:29118,1
DA:29119,1
DA:29120,1
DA:29121,1
DA:29124,1
DA:29125,1
DA:29126,1
DA:29127,1
DA:29128,1
DA:29133,1
DA:29134,1
DA:29135,1
DA:29138,1
DA:29141,1
DA:29142,1
DA:29143,1
DA:29144,1
DA:29145,1
DA:29148,1
DA:29149,1
DA:29150,1
DA:29151,1
DA:29152,1
DA:29157,1
DA:29159,1
DA:29160,1
DA:29163,1
DA:29166,1
DA:29167,1
DA:29168,1
DA:29169,1
DA:29170,1
DA:29173,1
DA:29176,1
DA:29177,1
DA:29178,1
DA:29179,1
DA:29180,1
DA:29183,1
DA:29186,1
DA:29187,1
DA:29188,1
DA:29189,1
DA:29190,1
DA:29193,1
DA:29196,1
DA:29197,1
DA:29198,1
DA:29199,1
DA:29200,1
DA:29203,1
DA:29208,1
DA:29209,1
DA:29210,1
DA:29213,1
DA:29216,1
DA:29217,1
DA:29218,1
DA:29219,1
DA:29220,1
DA:29223,1
DA:29226,1
DA:29227,1
DA:29228,1
DA:29229,1
DA:29230,1
DA:29233,1
DA:29238,1
DA:29239,1
DA:29240,1
DA:29243,1
DA:29246,1
DA:29247,1
DA:29248,1
DA:29249,1
DA:29250,1
DA:29253,1
DA:29258,1
DA:29259,1
DA:29260,1
DA:29263,1
DA:29266,1
DA:29267,1
DA:29268,1
DA:29269,1
DA:29270,1
DA:29273,1
DA:29278,1
DA:29279,1
DA:29280,1
DA:29281,1
DA:29282,1
DA:29285,1
DA:29286,1
DA:29287,1
DA:29288,1
DA:29289,1
DA:29292,1
DA:29293,1
DA:29294,1
DA:29295,1
DA:29296,1
DA:29299,1
DA:29301,1
DA:29302,1
DA:29303,1
DA:29304,1
DA:29305,1
DA:29309,1
DA:29312,1
DA:29313,1
DA:29314,1
DA:29315,1
DA:29316,1
DA:29317,1
DA:29318,1
DA:29321,1
DA:29322,1
DA:29323,1
DA:29324,1
DA:29325,1
DA:29326,1
DA:29327,1
DA:29330,1
DA:29331,1
DA:29332,1
DA:29337,1
DA:29338,1
DA:29339,1
DA:29342,1
DA:29343,1
DA:29344,1
DA:29345,1
DA:29346,1
DA:29349,1
DA:29352,1
DA:29353,1
DA:29354,1
DA:29355,1
DA:29356,1
DA:29357,1
DA:29359,1
DA:29362,1
DA:29363,1
DA:29364,1
DA:29365,1
DA:29366,1
DA:29367,1
DA:29369,1
DA:29374,1
DA:29375,1
DA:29376,1
DA:29377,1
DA:29380,1
DA:29381,1
DA:29382,1
DA:29383,1
DA:29384,1
DA:29385,1
DA:29389,1
DA:29392,1
DA:29393,1
DA:29394,1
DA:29395,1
DA:29396,1
DA:29401,1
DA:29402,1
DA:29403,1
DA:29404,1
DA:29405,1
DA:29406,1
DA:29409,1
DA:29410,1
DA:29411,1
DA:29412,1
DA:29413,1
DA:29416,1
DA:29417,1
DA:29418,1
DA:29419,1
DA:29420,1
DA:29421,1
DA:29423,1
DA:29428,1
DA:29429,1
DA:29430,1
DA:29433,1
DA:29434,1
DA:29435,1
DA:29436,1
DA:29437,1
DA:29438,1
DA:29440,1
DA:29443,1
DA:29444,1
DA:29445,1
DA:29446,1
DA:29447,1
DA:29448,1
DA:29450,1
DA:29453,1
DA:29454,1
DA:29455,1
DA:29456,1
DA:29457,1
DA:29458,1
DA:29460,1
DA:29465,1
DA:29466,1
DA:29467,1
DA:29470,1
DA:29471,1
DA:29472,1
DA:29475,1
DA:29476,1
DA:29477,1
DA:29480,1
DA:29481,1
DA:29482,1
DA:29483,1
DA:29485,1
DA:29488,1
DA:29489,1
DA:29490,1
DA:29491,1
DA:29493,1
DA:29496,1
DA:29497,1
DA:29498,1
DA:29499,1
DA:29501,1
DA:29504,1
DA:29505,1
DA:29506,1
DA:29507,1
DA:29509,1
DA:29512,1
DA:29513,1
DA:29514,1
DA:29517,1
DA:29518,1
DA:29519,1
DA:29531,1
DA:29532,1
DA:29533,1
DA:29536,1
DA:29537,1
DA:29538,1
DA:29541,1
DA:29542,1
DA:29543,1
DA:29546,1
DA:29549,1
DA:29550,1
DA:29551,1
DA:29554,1
DA:29555,1
DA:29556,1
DA:29559,1
DA:29560,1
DA:29561,1
DA:29564,1
DA:29565,1
DA:29566,1
DA:29569,1
DA:29570,1
DA:29571,1
DA:29574,1
DA:29575,1
DA:29576,1
DA:29579,1
DA:29580,1
DA:29581,1
DA:29584,1
DA:29585,1
DA:29586,1
DA:29589,1
DA:29591,1
DA:29592,1
DA:29597,1
DA:29598,1
DA:29599,1
DA:29600,1
DA:29601,1
DA:29604,1
DA:29605,1
DA:29606,1
DA:29607,1
DA:29608,1
DA:29609,1
DA:29610,1
DA:29611,1
DA:29614,1
DA:29615,1
DA:29616,1
DA:29617,1
DA:29618,5
DA:29620,1
DA:29621,1
DA:29624,1
DA:29625,1
DA:29626,1
DA:29627,1
DA:29628,1
DA:29629,1
DA:29630,1
DA:29631,1
DA:29634,1
DA:29635,1
DA:29636,1
DA:29637,1
DA:29638,1
DA:29639,1
DA:29640,1
DA:29643,1
DA:29646,1
DA:29647,1
DA:29648,1
DA:29649,1
DA:29650,1
DA:29651,1
DA:29652,1
DA:29653,1
DA:29656,1
DA:29657,1
DA:29658,1
DA:29659,1
DA:29660,1
DA:29661,1
DA:29662,1
DA:29663,1
DA:29664,1
DA:29667,1
DA:29668,1
DA:29669,1
DA:29670,1
DA:29671,100
DA:29673,1
DA:29678,1
DA:29679,1
DA:29680,1
DA:29681,1
DA:29682,1
DA:29685,1
DA:29686,1
DA:29687,1
DA:29688,1
DA:29689,1
DA:29692,1
DA:29693,1
DA:29694,1
DA:29695,1
DA:29696,1
DA:29699,1
DA:29700,1
DA:29701,1
DA:29702,1
DA:29703,1
DA:29708,1
DA:29709,1
DA:29710,1
DA:29712,1
DA:29714,1
DA:29717,1
DA:29718,1
DA:29719,1
DA:29721,1
DA:29723,1
DA:29726,1
DA:29727,1
DA:29728,1
DA:29730,1
DA:29732,1
DA:29735,1
DA:29736,1
DA:29737,1
DA:29739,1
DA:29741,1
DA:29744,1
DA:29745,1
DA:29746,1
DA:29747,1
DA:29750,1
DA:29751,1
DA:29752,1
DA:29753,1
DA:29754,1
DA:29755,1
DA:29758,1
DA:29763,1
DA:29764,1
DA:29765,1
DA:29766,1
DA:29767,1
DA:29768,1
DA:29769,1
DA:29770,33
DA:29773,1
DA:29776,1
DA:29777,1
DA:29778,1
DA:29779,1
DA:29780,1
DA:29783,1
DA:29786,1
DA:29787,1
DA:29788,1
DA:29789,1
DA:29790,1
DA:29791,1
DA:29792,1
DA:29794,0
DA:29796,1
DA:29799,1
DA:29800,1
DA:29801,1
DA:29802,1
DA:29803,1
DA:29804,1
DA:29807,1
DA:29810,1
DA:29811,1
DA:29812,1
DA:29813,1
DA:29814,1
DA:29818,1
DA:29821,1
DA:29822,1
DA:29823,1
DA:29824,1
DA:29825,1
DA:29826,1
DA:29829,1
DA:29834,1
DA:29835,1
DA:29836,1
DA:29839,1
DA:29840,1
DA:29841,1
DA:29844,1
DA:29845,1
DA:29846,1
DA:29851,1
DA:29852,1
DA:29853,1
DA:29856,1
DA:29857,1
DA:29858,1
DA:29861,1
DA:29862,1
DA:29863,1
DA:29868,1
DA:29869,1
DA:29870,1
DA:29873,1
DA:29874,1
DA:29875,1
DA:29876,1
DA:29879,1
DA:29880,1
DA:29881,1
DA:29882,1
DA:29883,1
DA:29886,1
DA:29887,1
DA:29888,1
DA:29893,1
DA:29894,1
DA:29895,1
DA:29896,1
DA:29897,1
DA:29900,1
DA:29901,1
DA:29902,1
DA:29903,1
DA:29904,1
DA:29907,1
DA:29908,1
DA:29909,1
DA:29910,1
DA:29911,1
DA:29916,1
DA:29918,1
DA:29919,1
DA:29920,1
DA:29921,1
DA:29922,1
DA:29923,1
DA:29926,1
DA:29928,1
DA:29929,1
DA:29930,1
DA:29931,1
DA:29932,1
DA:29937,1
DA:29938,1
DA:29939,1
DA:29940,1
DA:29943,1
DA:29944,1
DA:29945,1
DA:29946,1
DA:29949,1
DA:29950,1
DA:29951,1
DA:29952,1
DA:29953,1
DA:29956,1
DA:29959,1
DA:29960,1
DA:29961,1
DA:29962,1
DA:29963,1
DA:29966,1
DA:29969,1
DA:29970,1
DA:29971,1
DA:29972,1
DA:29973,1
DA:29976,1
DA:29979,1
DA:29980,1
DA:29981,1
DA:29982,1
DA:29983,1
DA:29986,1
DA:29991,1
DA:29992,1
DA:29993,1
DA:29996,1
DA:29997,1
DA:29998,1
DA:30003,1
DA:30004,1
DA:30005,1
DA:30008,1
DA:30009,1
DA:30010,1
DA:30013,1
DA:30014,1
DA:30015,1
DA:30018,1
DA:30019,1
DA:30020,1
DA:30023,1
DA:30024,1
DA:30025,1
DA:30030,1
DA:30031,1
DA:30032,1
DA:30035,1
DA:30036,1
DA:30037,1
DA:30040,1
DA:30043,1
DA:30044,1
DA:30045,1
DA:30048,1
DA:30051,1
DA:30052,1
DA:30053,1
DA:30054,1
DA:30057,1
DA:30058,1
DA:30059,1
DA:30060,1
DA:30063,1
DA:30064,1
DA:30065,1
DA:30066,1
DA:30071,1
DA:30072,1
DA:30073,1
DA:30074,1
DA:30075,1
DA:30076,1
DA:30077,1
DA:30079,1
DA:30082,1
DA:30083,1
DA:30084,1
DA:30085,1
DA:30088,1
DA:30089,1
DA:30090,1
DA:30091,1
DA:30092,1
DA:30093,1
DA:30094,1
DA:30096,1
DA:30101,1
DA:30102,1
DA:30103,1
DA:30104,1
DA:30105,1
DA:30106,1
DA:30109,1
DA:30110,1
DA:30111,1
DA:30112,1
DA:30115,1
DA:30116,1
DA:30117,1
DA:30118,1
DA:30119,1
DA:30124,1
DA:30125,1
DA:30126,1
DA:30127,1
DA:30128,1
DA:30129,1
DA:30132,1
DA:30133,1
DA:30134,1
DA:30135,1
DA:30136,1
DA:30139,1
DA:30140,1
DA:30141,1
DA:30142,1
DA:30143,1
DA:30148,1
DA:30149,1
DA:30150,1
DA:30151,1
DA:30152,1
DA:30153,1
DA:30156,1
DA:30157,1
DA:30158,1
DA:30159,1
DA:30160,1
DA:30161,1
DA:30164,1
DA:30165,1
DA:30166,1
DA:30167,1
DA:30168,1
DA:30169,1
DA:30172,1
DA:30173,1
DA:30174,1
DA:30175,1
DA:30176,1
DA:30179,1
DA:30180,1
DA:30181,1
DA:30182,1
DA:30183,1
DA:30186,1
DA:30187,1
DA:30188,1
DA:30189,1
DA:30192,1
DA:30193,1
DA:30194,1
DA:30195,1
DA:30196,1
DA:30197,1
DA:30198,1
DA:30203,1
DA:30204,1
DA:30205,1
DA:30206,1
DA:30207,1
DA:30209,1
DA:30210,1
DA:30211,1
DA:30214,1
DA:30217,1
DA:30218,1
DA:30219,1
DA:30220,1
DA:30223,1
DA:30224,1
DA:30225,1
DA:30226,1
DA:30231,1
DA:30232,1
DA:30233,1
DA:30236,1
DA:30239,1
DA:30240,1
DA:30241,1
DA:30244,1
DA:30245,1
DA:30246,1
DA:30251,1
DA:30252,1
DA:30253,1
DA:30256,1
DA:30257,1
DA:30258,1
DA:30261,1
DA:30262,1
DA:30263,1
DA:30264,1
DA:30266,1
DA:30269,1
DA:30270,1
DA:30271,1
DA:30272,1
DA:30274,1
DA:30277,1
DA:30278,1
DA:30279,1
DA:30284,1
DA:30285,1
DA:30286,1
DA:30289,1
DA:30290,1
DA:30291,1
DA:30294,1
DA:30295,1
DA:30296,1
DA:30299,1
DA:30302,1
DA:30303,1
DA:30304,1
DA:30305,1
DA:30308,1
DA:30313,1
DA:30314,1
DA:30315,1
DA:30318,1
DA:30319,1
DA:30320,1
DA:30323,1
DA:30324,1
DA:30325,1
DA:30328,1
DA:30329,1
DA:30330,1
DA:30333,1
DA:30334,1
DA:30335,1
DA:30340,1
DA:30341,1
DA:30342,1
DA:30345,1
DA:30346,1
DA:30347,1
DA:30350,1
DA:30351,1
DA:30352,1
DA:30357,1
DA:30358,1
DA:30359,1
DA:30362,1
DA:30363,1
DA:30364,1
DA:30365,1
DA:30368,1
DA:30369,1
DA:30370,1
DA:30371,0
DA:30372,1
DA:30377,1
DA:30378,1
DA:30379,1
DA:30382,1
DA:30383,1
DA:30384,1
DA:30387,1
DA:30388,1
DA:30389,1
DA:30392,1
DA:30393,1
DA:30394,1
DA:30397,1
DA:30398,1
DA:30399,1
DA:30402,1
DA:30403,1
DA:30404,1
DA:30407,1
DA:30408,1
DA:30409,1
DA:30412,1
DA:30413,1
DA:30414,1
DA:30419,1
DA:30420,1
DA:30421,1
DA:30424,1
DA:30425,1
DA:30426,1
DA:30429,1
DA:30430,1
DA:30431,1
DA:30434,1
DA:30435,1
DA:30436,1
DA:30439,1
DA:30440,1
DA:30441,1
DA:30446,1
DA:30447,1
DA:30448,1
DA:30449,1
DA:30452,1
DA:30453,1
DA:30454,1
DA:30457,1
DA:30458,1
DA:30459,1
DA:30464,1
DA:30465,1
DA:30466,1
DA:30469,1
DA:30472,1
DA:30473,1
DA:30474,1
DA:30477,1
DA:30480,1
DA:30481,1
DA:30482,1
DA:30485,1
DA:30488,1
DA:30489,1
DA:30490,1
DA:30493,1
DA:30496,1
DA:30497,1
DA:30498,1
DA:30501,1
DA:30504,1
DA:30505,1
DA:30506,1
DA:30509,1
DA:30514,1
DA:30515,1
DA:30516,1
DA:30517,1
DA:30518,1
DA:30521,1
DA:30522,1
DA:30523,1
DA:30524,1
DA:30525,1
DA:30526,1
DA:30529,1
DA:30530,1
DA:30531,1
DA:30532,1
DA:30533,1
DA:30538,1
DA:30539,1
DA:30540,1
DA:30543,1
DA:30544,1
DA:30545,1
DA:30548,1
DA:30549,1
DA:30550,1
DA:30553,1
DA:30554,1
DA:30555,1
DA:30558,1
DA:30559,1
DA:30560,1
DA:30563,1
DA:30564,1
DA:30565,1
DA:30568,1
DA:30569,1
DA:30570,1
DA:30573,1
DA:30574,1
DA:30575,1
DA:30580,1
DA:30581,1
DA:30582,1
DA:30585,1
DA:30586,1
DA:30587,1
DA:30588,1
DA:30590,1
DA:30593,1
DA:30594,1
DA:30595,1
DA:30596,1
DA:30597,1
DA:30598,1
DA:30601,1
DA:30602,1
DA:30603,1
DA:30604,1
DA:30606,1
DA:30611,1
DA:30612,1
DA:30613,1
DA:30616,1
DA:30617,1
DA:30618,1
DA:30621,1
DA:30622,1
DA:30623,1
DA:30624,1
DA:30625,1
DA:30626,1
DA:30627,1
DA:30630,1
DA:30631,1
DA:30632,1
DA:30633,1
DA:30634,1
DA:30635,1
DA:30636,1
DA:30641,1
DA:30642,1
DA:30643,1
DA:30646,1
DA:30647,1
DA:30648,1
DA:30651,1
DA:30652,1
DA:30653,1
DA:30656,1
DA:30657,1
DA:30658,1
DA:30661,1
DA:30662,1
DA:30663,1
DA:30667,3
DA:30668,3
DA:30669,3
DA:30670,3
DA:30671,3
DA:30672,3
DA:30673,3
DA:30674,3
DA:30675,3
DA:30676,3
DA:30677,3
DA:30678,3
DA:30679,3
DA:30680,3
DA:30681,3
DA:30682,3
DA:30683,3
DA:30684,3
DA:30685,3
DA:30686,3
DA:30687,3
DA:30688,3
DA:30689,3
DA:30690,3
DA:30691,3
DA:30692,3
DA:30693,3
DA:30694,3
DA:30695,3
DA:30696,3
DA:30697,3
DA:30698,3
DA:30699,3
DA:30700,3
DA:30701,3
DA:30702,3
DA:30703,3
DA:30704,3
DA:30705,3
DA:30706,3
DA:30707,3
DA:30708,3
DA:30709,3
DA:30710,3
DA:30711,3
DA:30712,3
DA:30713,3
DA:30714,3
DA:30715,3
DA:30716,3
DA:30717,3
DA:30718,3
DA:30719,3
DA:30720,3
DA:30721,3
DA:30722,3
DA:30723,3
DA:30724,3
DA:30725,3
DA:30726,3
DA:30727,3
DA:30728,3
DA:30729,3
DA:30730,3
DA:30731,3
DA:30732,3
DA:30733,3
DA:30734,3
DA:30735,3
DA:30736,3
DA:30737,3
DA:30738,3
DA:30739,3
DA:30740,3
DA:30741,3
DA:30742,3
DA:30743,3
DA:30744,3
DA:30745,3
DA:30746,3
DA:30747,3
DA:30748,3
DA:30749,3
DA:30750,3
DA:30751,3
DA:30752,3
DA:30753,3
DA:30754,3
DA:30755,3
DA:30756,3
DA:30757,3
DA:30760,1
DA:30761,1
DA:30762,1
DA:30763,1
DA:30766,1
DA:30767,1
DA:30768,1
DA:30769,1
DA:30772,1
DA:30773,1
DA:30774,1
DA:30775,1
DA:30780,1
DA:30781,1
DA:30782,1
DA:30783,1
DA:30784,1
DA:30785,1
DA:30786,1
DA:30789,1
DA:30790,1
DA:30791,1
DA:30792,1
DA:30793,1
DA:30794,1
DA:30797,1
DA:30798,1
DA:30799,1
DA:30800,1
DA:30801,1
DA:30802,1
DA:30805,1
DA:30806,1
DA:30807,1
DA:30808,1
DA:30809,1
DA:30814,1
DA:30815,1
DA:30816,1
DA:30819,1
DA:30820,1
DA:30821,1
DA:30824,1
DA:30825,1
DA:30826,1
DA:30829,1
DA:30832,1
DA:30833,1
DA:30834,1
DA:30837,1
DA:30840,1
DA:30841,1
DA:30842,1
DA:30843,1
DA:30846,1
DA:30847,1
DA:30848,1
DA:30849,1
DA:30861,1
DA:30862,1
DA:30863,1
DA:30864,1
DA:30865,1
DA:30866,1
DA:30867,1
DA:30868,1
DA:30869,1
DA:30870,1
DA:30871,1
DA:30873,1
DA:30874,1
DA:30875,1
DA:30876,1
DA:30877,1
DA:30878,1
DA:30879,1
DA:30880,1
DA:30881,1
DA:30882,1
DA:30883,1
DA:30884,1
DA:30885,1
DA:30886,1
DA:30887,1
DA:30888,1
DA:30889,1
DA:30892,1
DA:30893,1
DA:30894,1
DA:30895,1
DA:30898,1
DA:30900,1
DA:30901,1
DA:30904,1
DA:30905,1
DA:30906,1
DA:30907,1
DA:30908,1
DA:30909,1
DA:30912,1
DA:30913,1
DA:30914,1
DA:30915,1
DA:30916,1
DA:30917,1
DA:30918,1
DA:30919,1
DA:30920,1
DA:30921,1
DA:30922,1
DA:30925,1
DA:30926,1
DA:30927,1
DA:30928,1
DA:30929,1
DA:30930,1
DA:30933,1
DA:30934,1
DA:30937,1
DA:30938,1
DA:30939,1
DA:30940,1
DA:30941,1
DA:30942,1
DA:30943,1
DA:30944,1
DA:30946,1
DA:30947,1
DA:30950,1
DA:30951,1
DA:30952,1
DA:30953,1
DA:30954,1
DA:30955,1
DA:30956,1
DA:30957,1
DA:30958,1
DA:30959,1
DA:30960,1
DA:30961,1
DA:30964,1
DA:30965,1
DA:30966,1
DA:30967,1
DA:30968,1
DA:30969,1
DA:30970,1
DA:30971,1
DA:30974,1
DA:30975,1
DA:30976,1
DA:30977,1
DA:30978,1
DA:30979,1
DA:30980,31
DA:30981,1
DA:30990,1
DA:30991,1
DA:30992,1
DA:30993,1
DA:30994,1
DA:30995,1
DA:30996,1
DA:30997,1
DA:30998,1
DA:31001,1
DA:31002,1
DA:31003,1
DA:31004,1
DA:31005,1
DA:31006,1
DA:31007,1
DA:31008,1
DA:31009,1
DA:31010,1
DA:31011,1
DA:31014,1
DA:31015,1
DA:31016,1
DA:31017,1
DA:31018,1
DA:31019,1
DA:31022,1
DA:31023,1
DA:31024,1
DA:31025,1
DA:31026,1
DA:31029,1
DA:31031,1
DA:31032,1
DA:31033,1
DA:31036,1
DA:31039,1
DA:31040,1
DA:31041,1
DA:31042,1
DA:31045,1
DA:31048,1
DA:31049,1
DA:31052,1
DA:31054,1
DA:31055,1
DA:31057,1
DA:31059,1
DA:31060,1
DA:31063,1
DA:31066,1
DA:31067,1
DA:31070,1
DA:31072,1
DA:31073,1
DA:31074,1
DA:31075,1
DA:31076,1
BRF:0
BRH:0
LF:10036
LH:7840
end_of_record